<?xml version="1.0" encoding="UTF-8"?>
<testsuite xmlns:xsi="http://www.w3.org/2001/XMLSchema-instance" xsi:noNamespaceSchemaLocation="https://maven.apache.org/surefire/maven-surefire-plugin/xsd/surefire-test-report.xsd" version="3.0.2" name="com.quickpass.integration.signup.SignupSessionRepositoryTest" time="0.361" tests="2" errors="0" skipped="0" failures="0">
  <properties>
[...]
</properties>
  <testcase name="shouldNotDeleteIfNoExpiredSessions" classname="com.quickpass.integration.signup.SignupSessionRepositoryTest" time="0.036">
    <system-out><![CDATA[2025-10-17T10:43:39.283+02:00  INFO 50718 --- [           main] t.c.s.AnnotationConfigContextLoaderUtils : Could not detect default configuration classes for test class [com.quickpass.integration.signup.SignupSessionRepositoryTest]: SignupSessionRepositoryTest does not declare any static, non-private, non-final, nested classes annotated with @Configuration.
2025-10-17T10:43:39.298+02:00  INFO 50718 --- [           main] .b.t.c.SpringBootTestContextBootstrapper : Found @SpringBootConfiguration com.quickpass.QuickPassBackendApplication for test class com.quickpass.integration.signup.SignupSessionRepositoryTest

  .   ____          _            __ _ _
 /\\ / ___'_ __ _ _(_)_ __  __ _ \ \ \ \
( ( )\___ | '_ | '_| | '_ \/ _` | \ \ \ \
 \\/  ___)| |_)| | | | | || (_| |  ) ) ) )
  '  |____| .__|_| |_|_| |_\__, | / / / /
 =========|_|==============|___/=/_/_/_/

 :: Spring Boot ::                (v3.5.6)

2025-10-17T10:43:39.325+02:00  INFO 50718 --- [           main] c.q.i.s.SignupSessionRepositoryTest      : Starting SignupSessionRepositoryTest using Java 21.0.8 with PID 50718 (started by medinaoukaci in /Users/medinaoukaci/development/quickpass/quickpass-backend)
2025-10-17T10:43:39.325+02:00  INFO 50718 --- [           main] c.q.i.s.SignupSessionRepositoryTest      : No active profile set, falling back to 1 default profile: "default"
2025-10-17T10:43:39.412+02:00  INFO 50718 --- [           main] .s.d.r.c.RepositoryConfigurationDelegate : Bootstrapping Spring Data JPA repositories in DEFAULT mode.
2025-10-17T10:43:39.417+02:00  INFO 50718 --- [           main] .s.d.r.c.RepositoryConfigurationDelegate : Finished Spring Data repository scanning in 3 ms. Found 1 JPA repository interface.
2025-10-17T10:43:39.433+02:00  INFO 50718 --- [           main] beddedDataSourceBeanFactoryPostProcessor : Replacing 'dataSource' DataSource bean with embedded version
2025-10-17T10:43:39.463+02:00  INFO 50718 --- [           main] o.s.j.d.e.EmbeddedDatabaseFactory        : Starting embedded database: url='jdbc:h2:mem:7b520180-f962-4b3a-ab60-e525e2c9b3ff;DB_CLOSE_DELAY=-1;DB_CLOSE_ON_EXIT=false', username='sa'
2025-10-17T10:43:39.474+02:00  INFO 50718 --- [           main] o.hibernate.jpa.internal.util.LogHelper  : HHH000204: Processing PersistenceUnitInfo [name: default]
2025-10-17T10:43:39.476+02:00  INFO 50718 --- [           main] o.h.c.internal.RegionFactoryInitiator    : HHH000026: Second-level cache disabled
2025-10-17T10:43:39.531+02:00  INFO 50718 --- [           main] o.s.o.j.p.SpringPersistenceUnitInfo      : No LoadTimeWeaver setup: ignoring JPA class transformer
2025-10-17T10:43:39.532+02:00  WARN 50718 --- [           main] org.hibernate.orm.deprecation            : HHH90000025: H2Dialect does not need to be specified explicitly using 'hibernate.dialect' (remove the property setting and it will be selected by default)
2025-10-17T10:43:39.533+02:00  INFO 50718 --- [           main] org.hibernate.orm.connections.pooling    : HHH10001005: Database info:
	Database JDBC URL [Connecting through datasource 'org.springframework.jdbc.datasource.embedded.EmbeddedDatabaseFactory$EmbeddedDataSourceProxy@10a2f485']
	Database driver: undefined/unknown
	Database version: 2.3.232
	Autocommit mode: undefined/unknown
	Isolation level: undefined/unknown
	Minimum pool size: undefined/unknown
	Maximum pool size: undefined/unknown
2025-10-17T10:43:39.556+02:00  INFO 50718 --- [           main] o.h.e.t.j.p.i.JtaPlatformInitiator       : HHH000489: No JTA platform available (set 'hibernate.transaction.jta.platform' to enable JTA platform integration)
2025-10-17T10:43:39.557+02:00 DEBUG 50718 --- [           main] org.hibernate.SQL                        : 
    drop table if exists signup_session cascade 
Hibernate: 
    drop table if exists signup_session cascade 
2025-10-17T10:43:39.557+02:00 DEBUG 50718 --- [           main] org.hibernate.SQL                        : 
    create table signup_session (
        completed boolean not null,
        compte_id bigint,
        created_at timestamp(6) not null,
        expires_at timestamp(6) not null,
        id bigint generated by default as identity,
        updated_at timestamp(6) not null,
        email varchar(255) not null,
        current_step enum ('ADRESSE_MODE_VENTE','CONSENTS','EMAIL','EMAIL_CODE','PASSWORD','PROFILE','SMS_CODE','STRIPE') not null,
        signup_type enum ('BOULANGER','CLIENT','EMPLOYE') not null,
        primary key (id)
    )
Hibernate: 
    create table signup_session (
        completed boolean not null,
        compte_id bigint,
        created_at timestamp(6) not null,
        expires_at timestamp(6) not null,
        id bigint generated by default as identity,
        updated_at timestamp(6) not null,
        email varchar(255) not null,
        current_step enum ('ADRESSE_MODE_VENTE','CONSENTS','EMAIL','EMAIL_CODE','PASSWORD','PROFILE','SMS_CODE','STRIPE') not null,
        signup_type enum ('BOULANGER','CLIENT','EMPLOYE') not null,
        primary key (id)
    )
2025-10-17T10:43:39.559+02:00  INFO 50718 --- [           main] j.LocalContainerEntityManagerFactoryBean : Initialized JPA EntityManagerFactory for persistence unit 'default'
2025-10-17T10:43:39.591+02:00  INFO 50718 --- [           main] c.q.i.s.SignupSessionRepositoryTest      : Started SignupSessionRepositoryTest in 0.29 seconds (process running for 17.958)
2025-10-17T10:43:39.599+02:00 DEBUG 50718 --- [           main] org.hibernate.SQL                        : 
    /* insert for
        com.quickpass.signup.domain.model.SignupSession */insert 
    into
        signup_session (completed, compte_id, created_at, current_step, email, expires_at, signup_type, updated_at, id) 
    values
        (?, ?, ?, ?, ?, ?, ?, ?, default)
Hibernate: 
    /* insert for
        com.quickpass.signup.domain.model.SignupSession */insert 
    into
        signup_session (completed, compte_id, created_at, current_step, email, expires_at, signup_type, updated_at, id) 
    values
        (?, ?, ?, ?, ?, ?, ?, ?, default)
2025-10-17T10:43:39.601+02:00 DEBUG 50718 --- [           main] org.hibernate.SQL                        : 
    /* insert for
        com.quickpass.signup.domain.model.SignupSession */insert 
    into
        signup_session (completed, compte_id, created_at, current_step, email, expires_at, signup_type, updated_at, id) 
    values
        (?, ?, ?, ?, ?, ?, ?, ?, default)
Hibernate: 
    /* insert for
        com.quickpass.signup.domain.model.SignupSession */insert 
    into
        signup_session (completed, compte_id, created_at, current_step, email, expires_at, signup_type, updated_at, id) 
    values
        (?, ?, ?, ?, ?, ?, ?, ?, default)
2025-10-17T10:43:39.603+02:00 DEBUG 50718 --- [           main] org.hibernate.SQL                        : 
    /* <criteria> */ select
        ss1_0.id,
        ss1_0.completed,
        ss1_0.compte_id,
        ss1_0.created_at,
        ss1_0.current_step,
        ss1_0.email,
        ss1_0.expires_at,
        ss1_0.signup_type,
        ss1_0.updated_at 
    from
        signup_session ss1_0
Hibernate: 
    /* <criteria> */ select
        ss1_0.id,
        ss1_0.completed,
        ss1_0.compte_id,
        ss1_0.created_at,
        ss1_0.current_step,
        ss1_0.email,
        ss1_0.expires_at,
        ss1_0.signup_type,
        ss1_0.updated_at 
    from
        signup_session ss1_0
2025-10-17T10:43:39.604+02:00 DEBUG 50718 --- [           main] org.hibernate.SQL                        : 
    /* insert for
        com.quickpass.signup.domain.model.SignupSession */insert 
    into
        signup_session (completed, compte_id, created_at, current_step, email, expires_at, signup_type, updated_at, id) 
    values
        (?, ?, ?, ?, ?, ?, ?, ?, default)
Hibernate: 
    /* insert for
        com.quickpass.signup.domain.model.SignupSession */insert 
    into
        signup_session (completed, compte_id, created_at, current_step, email, expires_at, signup_type, updated_at, id) 
    values
        (?, ?, ?, ?, ?, ?, ?, ?, default)
2025-10-17T10:43:39.615+02:00 DEBUG 50718 --- [           main] org.hibernate.SQL                        : 
    /* delete for com.quickpass.signup.domain.model.SignupSession */delete 
    from
        signup_session 
    where
        id=?
Hibernate: 
    /* delete for com.quickpass.signup.domain.model.SignupSession */delete 
    from
        signup_session 
    where
        id=?
2025-10-17T10:43:39.615+02:00 DEBUG 50718 --- [           main] org.hibernate.SQL                        : 
    /* delete for com.quickpass.signup.domain.model.SignupSession */delete 
    from
        signup_session 
    where
        id=?
Hibernate: 
    /* delete for com.quickpass.signup.domain.model.SignupSession */delete 
    from
        signup_session 
    where
        id=?
2025-10-17T10:43:39.615+02:00 DEBUG 50718 --- [           main] org.hibernate.SQL                        : 
    /* DELETE 
    FROM
        SignupSession s 
    WHERE
        s.expiresAt < :cutoff */ delete 
    from
        signup_session ss1_0 
    where
        ss1_0.expires_at<?
Hibernate: 
    /* DELETE 
    FROM
        SignupSession s 
    WHERE
        s.expiresAt < :cutoff */ delete 
    from
        signup_session ss1_0 
    where
        ss1_0.expires_at<?
2025-10-17T10:43:39.626+02:00 DEBUG 50718 --- [           main] org.hibernate.SQL                        : 
    /* select
        count(*) 
    from
        SignupSession x */ select
            count(*) 
        from
            signup_session ss1_0
Hibernate: 
    /* select
        count(*) 
    from
        SignupSession x */ select
            count(*) 
        from
            signup_session ss1_0
]]></system-out>
  </testcase>
  <testcase name="shouldDeleteOnlyExpiredSessions" classname="com.quickpass.integration.signup.SignupSessionRepositoryTest" time="0.01">
    <system-out><![CDATA[2025-10-17T10:43:39.634+02:00 DEBUG 50718 --- [           main] org.hibernate.SQL                        : 
    /* insert for
        com.quickpass.signup.domain.model.SignupSession */insert 
    into
        signup_session (completed, compte_id, created_at, current_step, email, expires_at, signup_type, updated_at, id) 
    values
        (?, ?, ?, ?, ?, ?, ?, ?, default)
Hibernate: 
    /* insert for
        com.quickpass.signup.domain.model.SignupSession */insert 
    into
        signup_session (completed, compte_id, created_at, current_step, email, expires_at, signup_type, updated_at, id) 
    values
        (?, ?, ?, ?, ?, ?, ?, ?, default)
2025-10-17T10:43:39.635+02:00 DEBUG 50718 --- [           main] org.hibernate.SQL                        : 
    /* insert for
        com.quickpass.signup.domain.model.SignupSession */insert 
    into
        signup_session (completed, compte_id, created_at, current_step, email, expires_at, signup_type, updated_at, id) 
    values
        (?, ?, ?, ?, ?, ?, ?, ?, default)
Hibernate: 
    /* insert for
        com.quickpass.signup.domain.model.SignupSession */insert 
    into
        signup_session (completed, compte_id, created_at, current_step, email, expires_at, signup_type, updated_at, id) 
    values
        (?, ?, ?, ?, ?, ?, ?, ?, default)
2025-10-17T10:43:39.637+02:00 DEBUG 50718 --- [           main] org.hibernate.SQL                        : 
    /* DELETE 
    FROM
        SignupSession s 
    WHERE
        s.expiresAt < :cutoff */ delete 
    from
        signup_session ss1_0 
    where
        ss1_0.expires_at<?
Hibernate: 
    /* DELETE 
    FROM
        SignupSession s 
    WHERE
        s.expiresAt < :cutoff */ delete 
    from
        signup_session ss1_0 
    where
        ss1_0.expires_at<?
2025-10-17T10:43:39.638+02:00 DEBUG 50718 --- [           main] org.hibernate.SQL                        : 
    /* <criteria> */ select
        ss1_0.id,
        ss1_0.completed,
        ss1_0.compte_id,
        ss1_0.created_at,
        ss1_0.current_step,
        ss1_0.email,
        ss1_0.expires_at,
        ss1_0.signup_type,
        ss1_0.updated_at 
    from
        signup_session ss1_0
Hibernate: 
    /* <criteria> */ select
        ss1_0.id,
        ss1_0.completed,
        ss1_0.compte_id,
        ss1_0.created_at,
        ss1_0.current_step,
        ss1_0.email,
        ss1_0.expires_at,
        ss1_0.signup_type,
        ss1_0.updated_at 
    from
        signup_session ss1_0
]]></system-out>
  </testcase>
</testsuite>