<?xml version="1.0" encoding="UTF-8"?>
<testsuite xmlns:xsi="http://www.w3.org/2001/XMLSchema-instance" xsi:noNamespaceSchemaLocation="https://maven.apache.org/surefire/maven-surefire-plugin/xsd/surefire-test-report.xsd" version="3.0.2" name="com.quickpass.integration.sms.ActivationSmsRepositoryTest" time="4.193" tests="3" errors="0" skipped="0" failures="0">
  <properties>
[...]
</properties>
  <testcase name="shouldPersistAndFindPendingByCompteId" classname="Integration - ActivationSmsRepository" time="0.055">
    <system-out><![CDATA[2025-10-15T17:19:04.761+02:00  INFO 20717 --- [           main] t.c.s.AnnotationConfigContextLoaderUtils : Could not detect default configuration classes for test class [com.quickpass.integration.sms.ActivationSmsRepositoryTest]: ActivationSmsRepositoryTest does not declare any static, non-private, non-final, nested classes annotated with @Configuration.
2025-10-15T17:19:04.801+02:00  INFO 20717 --- [           main] .b.t.c.SpringBootTestContextBootstrapper : Found @SpringBootConfiguration com.quickpass.QuickPassBackendApplication for test class com.quickpass.integration.sms.ActivationSmsRepositoryTest

  .   ____          _            __ _ _
 /\\ / ___'_ __ _ _(_)_ __  __ _ \ \ \ \
( ( )\___ | '_ | '_| | '_ \/ _` | \ \ \ \
 \\/  ___)| |_)| | | | | || (_| |  ) ) ) )
  '  |____| .__|_| |_|_| |_\__, | / / / /
 =========|_|==============|___/=/_/_/_/

 :: Spring Boot ::                (v3.5.6)

2025-10-15T17:19:04.858+02:00  INFO 20717 --- [           main] c.q.i.sms.ActivationSmsRepositoryTest    : Starting ActivationSmsRepositoryTest using Java 21.0.8 with PID 20717 (started by medinaoukaci in /Users/medinaoukaci/development/quickpass/quickpass-backend)
2025-10-15T17:19:04.859+02:00 DEBUG 20717 --- [           main] c.q.i.sms.ActivationSmsRepositoryTest    : Running with Spring Boot v3.5.6, Spring v6.2.11
2025-10-15T17:19:04.859+02:00  INFO 20717 --- [           main] c.q.i.sms.ActivationSmsRepositoryTest    : The following 1 profile is active: "test"
2025-10-15T17:19:05.376+02:00  INFO 20717 --- [           main] .s.d.r.c.RepositoryConfigurationDelegate : Bootstrapping Spring Data JPA repositories in DEFAULT mode.
2025-10-15T17:19:05.409+02:00  INFO 20717 --- [           main] .s.d.r.c.RepositoryConfigurationDelegate : Finished Spring Data repository scanning in 30 ms. Found 5 JPA repository interfaces.
2025-10-15T17:19:05.576+02:00  INFO 20717 --- [           main] o.hibernate.jpa.internal.util.LogHelper  : HHH000204: Processing PersistenceUnitInfo [name: default]
2025-10-15T17:19:05.581+02:00  INFO 20717 --- [           main] o.h.c.internal.RegionFactoryInitiator    : HHH000026: Second-level cache disabled
2025-10-15T17:19:05.596+02:00  INFO 20717 --- [           main] o.s.o.j.p.SpringPersistenceUnitInfo      : No LoadTimeWeaver setup: ignoring JPA class transformer
2025-10-15T17:19:05.598+02:00  INFO 20717 --- [           main] com.zaxxer.hikari.HikariDataSource       : HikariPool-2 - Starting...
2025-10-15T17:19:05.852+02:00  INFO 20717 --- [           main] com.zaxxer.hikari.pool.HikariPool        : HikariPool-2 - Added connection conn0: url=jdbc:h2:mem:quickpass_testdb user=SA
2025-10-15T17:19:05.853+02:00  INFO 20717 --- [           main] com.zaxxer.hikari.HikariDataSource       : HikariPool-2 - Start completed.
2025-10-15T17:19:05.860+02:00  WARN 20717 --- [           main] org.hibernate.orm.deprecation            : HHH90000025: H2Dialect does not need to be specified explicitly using 'hibernate.dialect' (remove the property setting and it will be selected by default)
2025-10-15T17:19:05.868+02:00  INFO 20717 --- [           main] org.hibernate.orm.connections.pooling    : HHH10001005: Database info:
	Database JDBC URL [Connecting through datasource 'HikariDataSource (HikariPool-2)']
	Database driver: undefined/unknown
	Database version: 2.3.232
	Autocommit mode: undefined/unknown
	Isolation level: undefined/unknown
	Minimum pool size: undefined/unknown
	Maximum pool size: undefined/unknown
2025-10-15T17:19:05.975+02:00 DEBUG 20717 --- [           main] org.hibernate.SQL                        : 
    create global temporary table HT_compte(id bigint not null, primary key (id)) TRANSACTIONAL
Hibernate: 
    create global temporary table HT_compte(id bigint not null, primary key (id)) TRANSACTIONAL
2025-10-15T17:19:05.983+02:00 DEBUG 20717 --- [           main] org.hibernate.SQL                        : 
    create global temporary table HTE_compte(HTE_IDENTITY bigint generated 
by
    default as identity, date_creation timestamp(6), date_maj timestamp(6), id bigint, siret varchar(14), telephone_e164 varchar(20), email varchar(150), mot_de_passe_hash varchar(255), raison_sociale varchar(255), telephone_commerce varchar(255), etat enum ('ACTIF', 'DESACTIVE', 'EN_ATTENTE', 'VERROUILLE'), mode_vente enum ('EN_LIGNE', 'LES_DEUX', 'SUR_PLACE'), statut_configuration_paiement enum ('ACTIF', 'EN_ATTENTE', 'NON_CONFIGURE'), primary key (HTE_IDENTITY)) TRANSACTIONAL
Hibernate: 
    create global temporary table HTE_compte(HTE_IDENTITY bigint generated 
by
    default as identity, date_creation timestamp(6), date_maj timestamp(6), id bigint, siret varchar(14), telephone_e164 varchar(20), email varchar(150), mot_de_passe_hash varchar(255), raison_sociale varchar(255), telephone_commerce varchar(255), etat enum ('ACTIF', 'DESACTIVE', 'EN_ATTENTE', 'VERROUILLE'), mode_vente enum ('EN_LIGNE', 'LES_DEUX', 'SUR_PLACE'), statut_configuration_paiement enum ('ACTIF', 'EN_ATTENTE', 'NON_CONFIGURE'), primary key (HTE_IDENTITY)) TRANSACTIONAL
2025-10-15T17:19:05.989+02:00 DEBUG 20717 --- [           main] org.hibernate.SQL                        : 
    create global temporary table HTE_boulanger(HTE_IDENTITY bigint generated 
by
    default as identity, date_creation timestamp(6), date_maj timestamp(6), id bigint, siret varchar(14), telephone_e164 varchar(20), email varchar(150), mot_de_passe_hash varchar(255), raison_sociale varchar(255), telephone_commerce varchar(255), etat enum ('ACTIF', 'DESACTIVE', 'EN_ATTENTE', 'VERROUILLE'), mode_vente enum ('EN_LIGNE', 'LES_DEUX', 'SUR_PLACE'), statut_configuration_paiement enum ('ACTIF', 'EN_ATTENTE', 'NON_CONFIGURE'), primary key (HTE_IDENTITY)) TRANSACTIONAL
Hibernate: 
    create global temporary table HTE_boulanger(HTE_IDENTITY bigint generated 
by
    default as identity, date_creation timestamp(6), date_maj timestamp(6), id bigint, siret varchar(14), telephone_e164 varchar(20), email varchar(150), mot_de_passe_hash varchar(255), raison_sociale varchar(255), telephone_commerce varchar(255), etat enum ('ACTIF', 'DESACTIVE', 'EN_ATTENTE', 'VERROUILLE'), mode_vente enum ('EN_LIGNE', 'LES_DEUX', 'SUR_PLACE'), statut_configuration_paiement enum ('ACTIF', 'EN_ATTENTE', 'NON_CONFIGURE'), primary key (HTE_IDENTITY)) TRANSACTIONAL
2025-10-15T17:19:06.009+02:00  INFO 20717 --- [           main] o.h.e.t.j.p.i.JtaPlatformInitiator       : HHH000489: No JTA platform available (set 'hibernate.transaction.jta.platform' to enable JTA platform integration)
2025-10-15T17:19:06.009+02:00 DEBUG 20717 --- [           main] org.hibernate.SQL                        : 
    drop table if exists activation_sms cascade 
Hibernate: 
    drop table if exists activation_sms cascade 
2025-10-15T17:19:06.010+02:00 DEBUG 20717 --- [           main] org.hibernate.SQL                        : 
    drop table if exists audit_log cascade 
Hibernate: 
    drop table if exists audit_log cascade 
2025-10-15T17:19:06.011+02:00 DEBUG 20717 --- [           main] org.hibernate.SQL                        : 
    drop table if exists boulanger cascade 
Hibernate: 
    drop table if exists boulanger cascade 
2025-10-15T17:19:06.011+02:00 DEBUG 20717 --- [           main] org.hibernate.SQL                        : 
    drop table if exists compte cascade 
Hibernate: 
    drop table if exists compte cascade 
2025-10-15T17:19:06.011+02:00 DEBUG 20717 --- [           main] org.hibernate.SQL                        : 
    drop table if exists preference cascade 
Hibernate: 
    drop table if exists preference cascade 
2025-10-15T17:19:06.012+02:00 DEBUG 20717 --- [           main] org.hibernate.SQL                        : 
    drop table if exists signup_session cascade 
Hibernate: 
    drop table if exists signup_session cascade 
2025-10-15T17:19:06.012+02:00 DEBUG 20717 --- [           main] org.hibernate.SQL                        : 
    drop table if exists stripe_account cascade 
Hibernate: 
    drop table if exists stripe_account cascade 
2025-10-15T17:19:06.012+02:00 DEBUG 20717 --- [           main] org.hibernate.SQL                        : 
    create table activation_sms (
        attempts integer not null,
        max_attempts integer not null,
        compte_id bigint not null,
        created_at timestamp(6) not null,
        expires_at timestamp(6) not null,
        id bigint generated by default as identity,
        code_hash varchar(255) not null,
        status enum ('EN_ATTENTE','EXPIRE','VERIFIE') not null,
        primary key (id)
    )
Hibernate: 
    create table activation_sms (
        attempts integer not null,
        max_attempts integer not null,
        compte_id bigint not null,
        created_at timestamp(6) not null,
        expires_at timestamp(6) not null,
        id bigint generated by default as identity,
        code_hash varchar(255) not null,
        status enum ('EN_ATTENTE','EXPIRE','VERIFIE') not null,
        primary key (id)
    )
2025-10-15T17:19:06.014+02:00 DEBUG 20717 --- [           main] org.hibernate.SQL                        : 
    create table audit_log (
        compte_id bigint not null,
        id bigint generated by default as identity,
        timestamp timestamp(6) not null,
        detail varchar(500),
        action enum ('SMS_SEND','SMS_VERIFY','STRIPE_CONNECT','STRIPE_ERROR') not null,
        status enum ('FAILURE','SUCCESS') not null,
        primary key (id)
    )
Hibernate: 
    create table audit_log (
        compte_id bigint not null,
        id bigint generated by default as identity,
        timestamp timestamp(6) not null,
        detail varchar(500),
        action enum ('SMS_SEND','SMS_VERIFY','STRIPE_CONNECT','STRIPE_ERROR') not null,
        status enum ('FAILURE','SUCCESS') not null,
        primary key (id)
    )
2025-10-15T17:19:06.016+02:00 DEBUG 20717 --- [           main] org.hibernate.SQL                        : 
    create table boulanger (
        id bigint not null,
        siret varchar(14) not null unique,
        raison_sociale varchar(255) not null,
        telephone_commerce varchar(255),
        mode_vente enum ('EN_LIGNE','LES_DEUX','SUR_PLACE') not null,
        statut_configuration_paiement enum ('ACTIF','EN_ATTENTE','NON_CONFIGURE') not null,
        primary key (id)
    )
Hibernate: 
    create table boulanger (
        id bigint not null,
        siret varchar(14) not null unique,
        raison_sociale varchar(255) not null,
        telephone_commerce varchar(255),
        mode_vente enum ('EN_LIGNE','LES_DEUX','SUR_PLACE') not null,
        statut_configuration_paiement enum ('ACTIF','EN_ATTENTE','NON_CONFIGURE') not null,
        primary key (id)
    )
2025-10-15T17:19:06.018+02:00 DEBUG 20717 --- [           main] org.hibernate.SQL                        : 
    create table compte (
        date_creation timestamp(6) not null,
        date_maj timestamp(6) not null,
        id bigint generated by default as identity,
        telephone_e164 varchar(20) unique,
        email varchar(150) not null unique,
        mot_de_passe_hash varchar(255) not null,
        etat enum ('ACTIF','DESACTIVE','EN_ATTENTE','VERROUILLE') not null,
        primary key (id)
    )
Hibernate: 
    create table compte (
        date_creation timestamp(6) not null,
        date_maj timestamp(6) not null,
        id bigint generated by default as identity,
        telephone_e164 varchar(20) unique,
        email varchar(150) not null unique,
        mot_de_passe_hash varchar(255) not null,
        etat enum ('ACTIF','DESACTIVE','EN_ATTENTE','VERROUILLE') not null,
        primary key (id)
    )
2025-10-15T17:19:06.021+02:00 DEBUG 20717 --- [           main] org.hibernate.SQL                        : 
    create table preference (
        accepte_cgu boolean not null,
        accepte_rgpd boolean not null,
        accepte_stripe boolean not null,
        email boolean not null,
        sms boolean not null,
        compte_id bigint not null unique,
        date_acceptation timestamp(6),
        id bigint generated by default as identity,
        primary key (id)
    )
Hibernate: 
    create table preference (
        accepte_cgu boolean not null,
        accepte_rgpd boolean not null,
        accepte_stripe boolean not null,
        email boolean not null,
        sms boolean not null,
        compte_id bigint not null unique,
        date_acceptation timestamp(6),
        id bigint generated by default as identity,
        primary key (id)
    )
2025-10-15T17:19:06.023+02:00 DEBUG 20717 --- [           main] org.hibernate.SQL                        : 
    create table signup_session (
        completed boolean not null,
        compte_id bigint,
        created_at timestamp(6) not null,
        expires_at timestamp(6) not null,
        id bigint generated by default as identity,
        updated_at timestamp(6) not null,
        current_step enum ('ADRESSE_MODE_VENTE','CONSENTS','EMAIL','EMAIL_CODE','PASSWORD','PROFILE','SMS_CODE','STRIPE') not null,
        signup_type enum ('BOULANGER','CLIENT','EMPLOYE') not null,
        primary key (id)
    )
Hibernate: 
    create table signup_session (
        completed boolean not null,
        compte_id bigint,
        created_at timestamp(6) not null,
        expires_at timestamp(6) not null,
        id bigint generated by default as identity,
        updated_at timestamp(6) not null,
        current_step enum ('ADRESSE_MODE_VENTE','CONSENTS','EMAIL','EMAIL_CODE','PASSWORD','PROFILE','SMS_CODE','STRIPE') not null,
        signup_type enum ('BOULANGER','CLIENT','EMPLOYE') not null,
        primary key (id)
    )
2025-10-15T17:19:06.024+02:00 DEBUG 20717 --- [           main] org.hibernate.SQL                        : 
    create table stripe_account (
        compte_id bigint not null unique,
        id bigint generated by default as identity,
        stripe_account_id varchar(120) not null unique,
        status enum ('ACTIF','EN_ATTENTE','ERREUR','NON_CONFIGURE') not null,
        primary key (id)
    )
Hibernate: 
    create table stripe_account (
        compte_id bigint not null unique,
        id bigint generated by default as identity,
        stripe_account_id varchar(120) not null unique,
        status enum ('ACTIF','EN_ATTENTE','ERREUR','NON_CONFIGURE') not null,
        primary key (id)
    )
2025-10-15T17:19:06.026+02:00 DEBUG 20717 --- [           main] org.hibernate.SQL                        : 
    alter table if exists boulanger 
       add constraint FKcjnakmn53lauuh7xwphy8x67y 
       foreign key (id) 
       references compte
Hibernate: 
    alter table if exists boulanger 
       add constraint FKcjnakmn53lauuh7xwphy8x67y 
       foreign key (id) 
       references compte
2025-10-15T17:19:06.039+02:00 DEBUG 20717 --- [           main] org.hibernate.SQL                        : 
    alter table if exists preference 
       add constraint FK2ao0vtv7rwgyyj9kdcxd3a6ag 
       foreign key (compte_id) 
       references compte
Hibernate: 
    alter table if exists preference 
       add constraint FK2ao0vtv7rwgyyj9kdcxd3a6ag 
       foreign key (compte_id) 
       references compte
2025-10-15T17:19:06.041+02:00  INFO 20717 --- [           main] j.LocalContainerEntityManagerFactoryBean : Initialized JPA EntityManagerFactory for persistence unit 'default'
2025-10-15T17:19:06.440+02:00  INFO 20717 --- [           main] o.s.b.a.e.web.EndpointLinksResolver      : Exposing 1 endpoint beneath base path '/actuator'
2025-10-15T17:19:06.531+02:00  WARN 20717 --- [           main] .s.s.UserDetailsServiceAutoConfiguration : 

Using generated security password: 9ccad778-8597-4459-90c9-e358a5db214f

This generated password is for development use only. Your security configuration must be updated before running your application in production.

2025-10-15T17:19:06.540+02:00  INFO 20717 --- [           main] r$InitializeUserDetailsManagerConfigurer : Global AuthenticationManager configured with UserDetailsService bean with name inMemoryUserDetailsManager
2025-10-15T17:19:06.998+02:00  INFO 20717 --- [           main] c.q.i.sms.ActivationSmsRepositoryTest    : Started ActivationSmsRepositoryTest in 2.191 seconds (process running for 13.852)
2025-10-15T17:19:07.010+02:00 DEBUG 20717 --- [           main] org.hibernate.SQL                        : 
    /* insert for
        com.quickpass.sms.domain.model.ActivationSms */insert 
    into
        activation_sms (attempts, code_hash, compte_id, created_at, expires_at, max_attempts, status, id) 
    values
        (?, ?, ?, ?, ?, ?, ?, default)
Hibernate: 
    /* insert for
        com.quickpass.sms.domain.model.ActivationSms */insert 
    into
        activation_sms (attempts, code_hash, compte_id, created_at, expires_at, max_attempts, status, id) 
    values
        (?, ?, ?, ?, ?, ?, ?, default)
2025-10-15T17:19:07.028+02:00 DEBUG 20717 --- [           main] org.hibernate.SQL                        : 
    /* <criteria> */ select
        as1_0.id,
        as1_0.attempts,
        as1_0.code_hash,
        as1_0.compte_id,
        as1_0.created_at,
        as1_0.expires_at,
        as1_0.max_attempts,
        as1_0.status 
    from
        activation_sms as1_0 
    where
        as1_0.compte_id=? 
        and as1_0.status=?
Hibernate: 
    /* <criteria> */ select
        as1_0.id,
        as1_0.attempts,
        as1_0.code_hash,
        as1_0.compte_id,
        as1_0.created_at,
        as1_0.expires_at,
        as1_0.max_attempts,
        as1_0.status 
    from
        activation_sms as1_0 
    where
        as1_0.compte_id=? 
        and as1_0.status=?
2025-10-15T17:19:07.043+02:00  INFO 20717 --- [           main] j.LocalContainerEntityManagerFactoryBean : Closing JPA EntityManagerFactory for persistence unit 'default'
2025-10-15T17:19:07.044+02:00 DEBUG 20717 --- [           main] org.hibernate.SQL                        : 
    drop table if exists activation_sms cascade 
Hibernate: 
    drop table if exists activation_sms cascade 
2025-10-15T17:19:07.045+02:00 DEBUG 20717 --- [           main] org.hibernate.SQL                        : 
    drop table if exists audit_log cascade 
Hibernate: 
    drop table if exists audit_log cascade 
2025-10-15T17:19:07.046+02:00 DEBUG 20717 --- [           main] org.hibernate.SQL                        : 
    drop table if exists boulanger cascade 
Hibernate: 
    drop table if exists boulanger cascade 
2025-10-15T17:19:07.047+02:00 DEBUG 20717 --- [           main] org.hibernate.SQL                        : 
    drop table if exists compte cascade 
Hibernate: 
    drop table if exists compte cascade 
2025-10-15T17:19:07.048+02:00 DEBUG 20717 --- [           main] org.hibernate.SQL                        : 
    drop table if exists preference cascade 
Hibernate: 
    drop table if exists preference cascade 
2025-10-15T17:19:07.049+02:00 DEBUG 20717 --- [           main] org.hibernate.SQL                        : 
    drop table if exists signup_session cascade 
Hibernate: 
    drop table if exists signup_session cascade 
2025-10-15T17:19:07.049+02:00 DEBUG 20717 --- [           main] org.hibernate.SQL                        : 
    drop table if exists stripe_account cascade 
Hibernate: 
    drop table if exists stripe_account cascade 
2025-10-15T17:19:07.052+02:00  INFO 20717 --- [           main] com.zaxxer.hikari.HikariDataSource       : HikariPool-2 - Shutdown initiated...
2025-10-15T17:19:07.054+02:00  INFO 20717 --- [           main] com.zaxxer.hikari.HikariDataSource       : HikariPool-2 - Shutdown completed.
]]></system-out>
  </testcase>
  <testcase name="shouldReturnEmptyIfNoPendingSms" classname="Integration - ActivationSmsRepository" time="0.024">
    <system-out><![CDATA[
  .   ____          _            __ _ _
 /\\ / ___'_ __ _ _(_)_ __  __ _ \ \ \ \
( ( )\___ | '_ | '_| | '_ \/ _` | \ \ \ \
 \\/  ___)| |_)| | | | | || (_| |  ) ) ) )
  '  |____| .__|_| |_|_| |_\__, | / / / /
 =========|_|==============|___/=/_/_/_/

 :: Spring Boot ::                (v3.5.6)

2025-10-15T17:19:07.092+02:00  INFO 20717 --- [           main] c.q.i.sms.ActivationSmsRepositoryTest    : Starting ActivationSmsRepositoryTest using Java 21.0.8 with PID 20717 (started by medinaoukaci in /Users/medinaoukaci/development/quickpass/quickpass-backend)
2025-10-15T17:19:07.093+02:00 DEBUG 20717 --- [           main] c.q.i.sms.ActivationSmsRepositoryTest    : Running with Spring Boot v3.5.6, Spring v6.2.11
2025-10-15T17:19:07.093+02:00  INFO 20717 --- [           main] c.q.i.sms.ActivationSmsRepositoryTest    : The following 1 profile is active: "test"
2025-10-15T17:19:07.438+02:00  INFO 20717 --- [           main] .s.d.r.c.RepositoryConfigurationDelegate : Bootstrapping Spring Data JPA repositories in DEFAULT mode.
2025-10-15T17:19:07.461+02:00  INFO 20717 --- [           main] .s.d.r.c.RepositoryConfigurationDelegate : Finished Spring Data repository scanning in 21 ms. Found 5 JPA repository interfaces.
2025-10-15T17:19:07.559+02:00  INFO 20717 --- [           main] o.hibernate.jpa.internal.util.LogHelper  : HHH000204: Processing PersistenceUnitInfo [name: default]
2025-10-15T17:19:07.563+02:00  INFO 20717 --- [           main] o.h.c.internal.RegionFactoryInitiator    : HHH000026: Second-level cache disabled
2025-10-15T17:19:07.575+02:00  INFO 20717 --- [           main] o.s.o.j.p.SpringPersistenceUnitInfo      : No LoadTimeWeaver setup: ignoring JPA class transformer
2025-10-15T17:19:07.576+02:00  INFO 20717 --- [           main] com.zaxxer.hikari.HikariDataSource       : HikariPool-3 - Starting...
2025-10-15T17:19:07.577+02:00  INFO 20717 --- [           main] com.zaxxer.hikari.pool.HikariPool        : HikariPool-3 - Added connection conn10: url=jdbc:h2:mem:quickpass_testdb user=SA
2025-10-15T17:19:07.577+02:00  INFO 20717 --- [           main] com.zaxxer.hikari.HikariDataSource       : HikariPool-3 - Start completed.
2025-10-15T17:19:07.578+02:00  WARN 20717 --- [           main] org.hibernate.orm.deprecation            : HHH90000025: H2Dialect does not need to be specified explicitly using 'hibernate.dialect' (remove the property setting and it will be selected by default)
2025-10-15T17:19:07.578+02:00  INFO 20717 --- [           main] org.hibernate.orm.connections.pooling    : HHH10001005: Database info:
	Database JDBC URL [Connecting through datasource 'HikariDataSource (HikariPool-3)']
	Database driver: undefined/unknown
	Database version: 2.3.232
	Autocommit mode: undefined/unknown
	Isolation level: undefined/unknown
	Minimum pool size: undefined/unknown
	Maximum pool size: undefined/unknown
2025-10-15T17:19:07.641+02:00 DEBUG 20717 --- [           main] org.hibernate.SQL                        : 
    create global temporary table HT_compte(id bigint not null, primary key (id)) TRANSACTIONAL
Hibernate: 
    create global temporary table HT_compte(id bigint not null, primary key (id)) TRANSACTIONAL
2025-10-15T17:19:07.643+02:00 DEBUG 20717 --- [           main] org.hibernate.SQL                        : 
    create global temporary table HTE_compte(HTE_IDENTITY bigint generated 
by
    default as identity, date_creation timestamp(6), date_maj timestamp(6), id bigint, siret varchar(14), telephone_e164 varchar(20), email varchar(150), mot_de_passe_hash varchar(255), raison_sociale varchar(255), telephone_commerce varchar(255), etat enum ('ACTIF', 'DESACTIVE', 'EN_ATTENTE', 'VERROUILLE'), mode_vente enum ('EN_LIGNE', 'LES_DEUX', 'SUR_PLACE'), statut_configuration_paiement enum ('ACTIF', 'EN_ATTENTE', 'NON_CONFIGURE'), primary key (HTE_IDENTITY)) TRANSACTIONAL
Hibernate: 
    create global temporary table HTE_compte(HTE_IDENTITY bigint generated 
by
    default as identity, date_creation timestamp(6), date_maj timestamp(6), id bigint, siret varchar(14), telephone_e164 varchar(20), email varchar(150), mot_de_passe_hash varchar(255), raison_sociale varchar(255), telephone_commerce varchar(255), etat enum ('ACTIF', 'DESACTIVE', 'EN_ATTENTE', 'VERROUILLE'), mode_vente enum ('EN_LIGNE', 'LES_DEUX', 'SUR_PLACE'), statut_configuration_paiement enum ('ACTIF', 'EN_ATTENTE', 'NON_CONFIGURE'), primary key (HTE_IDENTITY)) TRANSACTIONAL
2025-10-15T17:19:07.644+02:00 DEBUG 20717 --- [           main] org.hibernate.SQL                        : 
    create global temporary table HTE_boulanger(HTE_IDENTITY bigint generated 
by
    default as identity, date_creation timestamp(6), date_maj timestamp(6), id bigint, siret varchar(14), telephone_e164 varchar(20), email varchar(150), mot_de_passe_hash varchar(255), raison_sociale varchar(255), telephone_commerce varchar(255), etat enum ('ACTIF', 'DESACTIVE', 'EN_ATTENTE', 'VERROUILLE'), mode_vente enum ('EN_LIGNE', 'LES_DEUX', 'SUR_PLACE'), statut_configuration_paiement enum ('ACTIF', 'EN_ATTENTE', 'NON_CONFIGURE'), primary key (HTE_IDENTITY)) TRANSACTIONAL
Hibernate: 
    create global temporary table HTE_boulanger(HTE_IDENTITY bigint generated 
by
    default as identity, date_creation timestamp(6), date_maj timestamp(6), id bigint, siret varchar(14), telephone_e164 varchar(20), email varchar(150), mot_de_passe_hash varchar(255), raison_sociale varchar(255), telephone_commerce varchar(255), etat enum ('ACTIF', 'DESACTIVE', 'EN_ATTENTE', 'VERROUILLE'), mode_vente enum ('EN_LIGNE', 'LES_DEUX', 'SUR_PLACE'), statut_configuration_paiement enum ('ACTIF', 'EN_ATTENTE', 'NON_CONFIGURE'), primary key (HTE_IDENTITY)) TRANSACTIONAL
2025-10-15T17:19:07.656+02:00  INFO 20717 --- [           main] o.h.e.t.j.p.i.JtaPlatformInitiator       : HHH000489: No JTA platform available (set 'hibernate.transaction.jta.platform' to enable JTA platform integration)
2025-10-15T17:19:07.657+02:00 DEBUG 20717 --- [           main] org.hibernate.SQL                        : 
    drop table if exists activation_sms cascade 
Hibernate: 
    drop table if exists activation_sms cascade 
2025-10-15T17:19:07.657+02:00 DEBUG 20717 --- [           main] org.hibernate.SQL                        : 
    drop table if exists audit_log cascade 
Hibernate: 
    drop table if exists audit_log cascade 
2025-10-15T17:19:07.657+02:00 DEBUG 20717 --- [           main] org.hibernate.SQL                        : 
    drop table if exists boulanger cascade 
Hibernate: 
    drop table if exists boulanger cascade 
2025-10-15T17:19:07.657+02:00 DEBUG 20717 --- [           main] org.hibernate.SQL                        : 
    drop table if exists compte cascade 
Hibernate: 
    drop table if exists compte cascade 
2025-10-15T17:19:07.657+02:00 DEBUG 20717 --- [           main] org.hibernate.SQL                        : 
    drop table if exists preference cascade 
Hibernate: 
    drop table if exists preference cascade 
2025-10-15T17:19:07.658+02:00 DEBUG 20717 --- [           main] org.hibernate.SQL                        : 
    drop table if exists signup_session cascade 
Hibernate: 
    drop table if exists signup_session cascade 
2025-10-15T17:19:07.658+02:00 DEBUG 20717 --- [           main] org.hibernate.SQL                        : 
    drop table if exists stripe_account cascade 
Hibernate: 
    drop table if exists stripe_account cascade 
2025-10-15T17:19:07.658+02:00 DEBUG 20717 --- [           main] org.hibernate.SQL                        : 
    create table activation_sms (
        attempts integer not null,
        max_attempts integer not null,
        compte_id bigint not null,
        created_at timestamp(6) not null,
        expires_at timestamp(6) not null,
        id bigint generated by default as identity,
        code_hash varchar(255) not null,
        status enum ('EN_ATTENTE','EXPIRE','VERIFIE') not null,
        primary key (id)
    )
Hibernate: 
    create table activation_sms (
        attempts integer not null,
        max_attempts integer not null,
        compte_id bigint not null,
        created_at timestamp(6) not null,
        expires_at timestamp(6) not null,
        id bigint generated by default as identity,
        code_hash varchar(255) not null,
        status enum ('EN_ATTENTE','EXPIRE','VERIFIE') not null,
        primary key (id)
    )
2025-10-15T17:19:07.659+02:00 DEBUG 20717 --- [           main] org.hibernate.SQL                        : 
    create table audit_log (
        compte_id bigint not null,
        id bigint generated by default as identity,
        timestamp timestamp(6) not null,
        detail varchar(500),
        action enum ('SMS_SEND','SMS_VERIFY','STRIPE_CONNECT','STRIPE_ERROR') not null,
        status enum ('FAILURE','SUCCESS') not null,
        primary key (id)
    )
Hibernate: 
    create table audit_log (
        compte_id bigint not null,
        id bigint generated by default as identity,
        timestamp timestamp(6) not null,
        detail varchar(500),
        action enum ('SMS_SEND','SMS_VERIFY','STRIPE_CONNECT','STRIPE_ERROR') not null,
        status enum ('FAILURE','SUCCESS') not null,
        primary key (id)
    )
2025-10-15T17:19:07.660+02:00 DEBUG 20717 --- [           main] org.hibernate.SQL                        : 
    create table boulanger (
        id bigint not null,
        siret varchar(14) not null unique,
        raison_sociale varchar(255) not null,
        telephone_commerce varchar(255),
        mode_vente enum ('EN_LIGNE','LES_DEUX','SUR_PLACE') not null,
        statut_configuration_paiement enum ('ACTIF','EN_ATTENTE','NON_CONFIGURE') not null,
        primary key (id)
    )
Hibernate: 
    create table boulanger (
        id bigint not null,
        siret varchar(14) not null unique,
        raison_sociale varchar(255) not null,
        telephone_commerce varchar(255),
        mode_vente enum ('EN_LIGNE','LES_DEUX','SUR_PLACE') not null,
        statut_configuration_paiement enum ('ACTIF','EN_ATTENTE','NON_CONFIGURE') not null,
        primary key (id)
    )
2025-10-15T17:19:07.662+02:00 DEBUG 20717 --- [           main] org.hibernate.SQL                        : 
    create table compte (
        date_creation timestamp(6) not null,
        date_maj timestamp(6) not null,
        id bigint generated by default as identity,
        telephone_e164 varchar(20) unique,
        email varchar(150) not null unique,
        mot_de_passe_hash varchar(255) not null,
        etat enum ('ACTIF','DESACTIVE','EN_ATTENTE','VERROUILLE') not null,
        primary key (id)
    )
Hibernate: 
    create table compte (
        date_creation timestamp(6) not null,
        date_maj timestamp(6) not null,
        id bigint generated by default as identity,
        telephone_e164 varchar(20) unique,
        email varchar(150) not null unique,
        mot_de_passe_hash varchar(255) not null,
        etat enum ('ACTIF','DESACTIVE','EN_ATTENTE','VERROUILLE') not null,
        primary key (id)
    )
2025-10-15T17:19:07.665+02:00 DEBUG 20717 --- [           main] org.hibernate.SQL                        : 
    create table preference (
        accepte_cgu boolean not null,
        accepte_rgpd boolean not null,
        accepte_stripe boolean not null,
        email boolean not null,
        sms boolean not null,
        compte_id bigint not null unique,
        date_acceptation timestamp(6),
        id bigint generated by default as identity,
        primary key (id)
    )
Hibernate: 
    create table preference (
        accepte_cgu boolean not null,
        accepte_rgpd boolean not null,
        accepte_stripe boolean not null,
        email boolean not null,
        sms boolean not null,
        compte_id bigint not null unique,
        date_acceptation timestamp(6),
        id bigint generated by default as identity,
        primary key (id)
    )
2025-10-15T17:19:07.666+02:00 DEBUG 20717 --- [           main] org.hibernate.SQL                        : 
    create table signup_session (
        completed boolean not null,
        compte_id bigint,
        created_at timestamp(6) not null,
        expires_at timestamp(6) not null,
        id bigint generated by default as identity,
        updated_at timestamp(6) not null,
        current_step enum ('ADRESSE_MODE_VENTE','CONSENTS','EMAIL','EMAIL_CODE','PASSWORD','PROFILE','SMS_CODE','STRIPE') not null,
        signup_type enum ('BOULANGER','CLIENT','EMPLOYE') not null,
        primary key (id)
    )
Hibernate: 
    create table signup_session (
        completed boolean not null,
        compte_id bigint,
        created_at timestamp(6) not null,
        expires_at timestamp(6) not null,
        id bigint generated by default as identity,
        updated_at timestamp(6) not null,
        current_step enum ('ADRESSE_MODE_VENTE','CONSENTS','EMAIL','EMAIL_CODE','PASSWORD','PROFILE','SMS_CODE','STRIPE') not null,
        signup_type enum ('BOULANGER','CLIENT','EMPLOYE') not null,
        primary key (id)
    )
2025-10-15T17:19:07.668+02:00 DEBUG 20717 --- [           main] org.hibernate.SQL                        : 
    create table stripe_account (
        compte_id bigint not null unique,
        id bigint generated by default as identity,
        stripe_account_id varchar(120) not null unique,
        status enum ('ACTIF','EN_ATTENTE','ERREUR','NON_CONFIGURE') not null,
        primary key (id)
    )
Hibernate: 
    create table stripe_account (
        compte_id bigint not null unique,
        id bigint generated by default as identity,
        stripe_account_id varchar(120) not null unique,
        status enum ('ACTIF','EN_ATTENTE','ERREUR','NON_CONFIGURE') not null,
        primary key (id)
    )
2025-10-15T17:19:07.670+02:00 DEBUG 20717 --- [           main] org.hibernate.SQL                        : 
    alter table if exists boulanger 
       add constraint FKcjnakmn53lauuh7xwphy8x67y 
       foreign key (id) 
       references compte
Hibernate: 
    alter table if exists boulanger 
       add constraint FKcjnakmn53lauuh7xwphy8x67y 
       foreign key (id) 
       references compte
2025-10-15T17:19:07.673+02:00 DEBUG 20717 --- [           main] org.hibernate.SQL                        : 
    alter table if exists preference 
       add constraint FK2ao0vtv7rwgyyj9kdcxd3a6ag 
       foreign key (compte_id) 
       references compte
Hibernate: 
    alter table if exists preference 
       add constraint FK2ao0vtv7rwgyyj9kdcxd3a6ag 
       foreign key (compte_id) 
       references compte
2025-10-15T17:19:07.675+02:00  INFO 20717 --- [           main] j.LocalContainerEntityManagerFactoryBean : Initialized JPA EntityManagerFactory for persistence unit 'default'
2025-10-15T17:19:07.936+02:00  INFO 20717 --- [           main] o.s.b.a.e.web.EndpointLinksResolver      : Exposing 1 endpoint beneath base path '/actuator'
2025-10-15T17:19:07.952+02:00  WARN 20717 --- [           main] .s.s.UserDetailsServiceAutoConfiguration : 

Using generated security password: 963a5aaf-3206-4b21-bb7a-203924e53f24

This generated password is for development use only. Your security configuration must be updated before running your application in production.

2025-10-15T17:19:07.954+02:00  INFO 20717 --- [           main] r$InitializeUserDetailsManagerConfigurer : Global AuthenticationManager configured with UserDetailsService bean with name inMemoryUserDetailsManager
2025-10-15T17:19:08.107+02:00  INFO 20717 --- [           main] c.q.i.sms.ActivationSmsRepositoryTest    : Started ActivationSmsRepositoryTest in 1.049 seconds (process running for 14.962)
2025-10-15T17:19:08.118+02:00 DEBUG 20717 --- [           main] org.hibernate.SQL                        : 
    /* <criteria> */ select
        as1_0.id,
        as1_0.attempts,
        as1_0.code_hash,
        as1_0.compte_id,
        as1_0.created_at,
        as1_0.expires_at,
        as1_0.max_attempts,
        as1_0.status 
    from
        activation_sms as1_0 
    where
        as1_0.compte_id=? 
        and as1_0.status=?
Hibernate: 
    /* <criteria> */ select
        as1_0.id,
        as1_0.attempts,
        as1_0.code_hash,
        as1_0.compte_id,
        as1_0.created_at,
        as1_0.expires_at,
        as1_0.max_attempts,
        as1_0.status 
    from
        activation_sms as1_0 
    where
        as1_0.compte_id=? 
        and as1_0.status=?
2025-10-15T17:19:08.127+02:00  INFO 20717 --- [           main] j.LocalContainerEntityManagerFactoryBean : Closing JPA EntityManagerFactory for persistence unit 'default'
2025-10-15T17:19:08.128+02:00 DEBUG 20717 --- [           main] org.hibernate.SQL                        : 
    drop table if exists activation_sms cascade 
Hibernate: 
    drop table if exists activation_sms cascade 
2025-10-15T17:19:08.128+02:00 DEBUG 20717 --- [           main] org.hibernate.SQL                        : 
    drop table if exists audit_log cascade 
Hibernate: 
    drop table if exists audit_log cascade 
2025-10-15T17:19:08.129+02:00 DEBUG 20717 --- [           main] org.hibernate.SQL                        : 
    drop table if exists boulanger cascade 
Hibernate: 
    drop table if exists boulanger cascade 
2025-10-15T17:19:08.130+02:00 DEBUG 20717 --- [           main] org.hibernate.SQL                        : 
    drop table if exists compte cascade 
Hibernate: 
    drop table if exists compte cascade 
2025-10-15T17:19:08.131+02:00 DEBUG 20717 --- [           main] org.hibernate.SQL                        : 
    drop table if exists preference cascade 
Hibernate: 
    drop table if exists preference cascade 
2025-10-15T17:19:08.131+02:00 DEBUG 20717 --- [           main] org.hibernate.SQL                        : 
    drop table if exists signup_session cascade 
Hibernate: 
    drop table if exists signup_session cascade 
2025-10-15T17:19:08.131+02:00 DEBUG 20717 --- [           main] org.hibernate.SQL                        : 
    drop table if exists stripe_account cascade 
Hibernate: 
    drop table if exists stripe_account cascade 
2025-10-15T17:19:08.133+02:00  INFO 20717 --- [           main] com.zaxxer.hikari.HikariDataSource       : HikariPool-3 - Shutdown initiated...
2025-10-15T17:19:08.133+02:00  INFO 20717 --- [           main] com.zaxxer.hikari.HikariDataSource       : HikariPool-3 - Shutdown completed.
]]></system-out>
  </testcase>
  <testcase name="shouldIncrementAttemptsAndPersist" classname="Integration - ActivationSmsRepository" time="0.03">
    <system-out><![CDATA[
  .   ____          _            __ _ _
 /\\ / ___'_ __ _ _(_)_ __  __ _ \ \ \ \
( ( )\___ | '_ | '_| | '_ \/ _` | \ \ \ \
 \\/  ___)| |_)| | | | | || (_| |  ) ) ) )
  '  |____| .__|_| |_|_| |_\__, | / / / /
 =========|_|==============|___/=/_/_/_/

 :: Spring Boot ::                (v3.5.6)

2025-10-15T17:19:08.159+02:00  INFO 20717 --- [           main] c.q.i.sms.ActivationSmsRepositoryTest    : Starting ActivationSmsRepositoryTest using Java 21.0.8 with PID 20717 (started by medinaoukaci in /Users/medinaoukaci/development/quickpass/quickpass-backend)
2025-10-15T17:19:08.159+02:00 DEBUG 20717 --- [           main] c.q.i.sms.ActivationSmsRepositoryTest    : Running with Spring Boot v3.5.6, Spring v6.2.11
2025-10-15T17:19:08.159+02:00  INFO 20717 --- [           main] c.q.i.sms.ActivationSmsRepositoryTest    : The following 1 profile is active: "test"
2025-10-15T17:19:08.402+02:00  INFO 20717 --- [           main] .s.d.r.c.RepositoryConfigurationDelegate : Bootstrapping Spring Data JPA repositories in DEFAULT mode.
2025-10-15T17:19:08.431+02:00  INFO 20717 --- [           main] .s.d.r.c.RepositoryConfigurationDelegate : Finished Spring Data repository scanning in 27 ms. Found 5 JPA repository interfaces.
2025-10-15T17:19:08.503+02:00  INFO 20717 --- [           main] o.hibernate.jpa.internal.util.LogHelper  : HHH000204: Processing PersistenceUnitInfo [name: default]
2025-10-15T17:19:08.505+02:00  INFO 20717 --- [           main] o.h.c.internal.RegionFactoryInitiator    : HHH000026: Second-level cache disabled
2025-10-15T17:19:08.513+02:00  INFO 20717 --- [           main] o.s.o.j.p.SpringPersistenceUnitInfo      : No LoadTimeWeaver setup: ignoring JPA class transformer
2025-10-15T17:19:08.514+02:00  INFO 20717 --- [           main] com.zaxxer.hikari.HikariDataSource       : HikariPool-4 - Starting...
2025-10-15T17:19:08.515+02:00  INFO 20717 --- [           main] com.zaxxer.hikari.pool.HikariPool        : HikariPool-4 - Added connection conn20: url=jdbc:h2:mem:quickpass_testdb user=SA
2025-10-15T17:19:08.515+02:00  INFO 20717 --- [           main] com.zaxxer.hikari.HikariDataSource       : HikariPool-4 - Start completed.
2025-10-15T17:19:08.515+02:00  WARN 20717 --- [           main] org.hibernate.orm.deprecation            : HHH90000025: H2Dialect does not need to be specified explicitly using 'hibernate.dialect' (remove the property setting and it will be selected by default)
2025-10-15T17:19:08.516+02:00  INFO 20717 --- [           main] org.hibernate.orm.connections.pooling    : HHH10001005: Database info:
	Database JDBC URL [Connecting through datasource 'HikariDataSource (HikariPool-4)']
	Database driver: undefined/unknown
	Database version: 2.3.232
	Autocommit mode: undefined/unknown
	Isolation level: undefined/unknown
	Minimum pool size: undefined/unknown
	Maximum pool size: undefined/unknown
2025-10-15T17:19:08.560+02:00 DEBUG 20717 --- [           main] org.hibernate.SQL                        : 
    create global temporary table HT_compte(id bigint not null, primary key (id)) TRANSACTIONAL
Hibernate: 
    create global temporary table HT_compte(id bigint not null, primary key (id)) TRANSACTIONAL
2025-10-15T17:19:08.561+02:00 DEBUG 20717 --- [           main] org.hibernate.SQL                        : 
    create global temporary table HTE_compte(HTE_IDENTITY bigint generated 
by
    default as identity, date_creation timestamp(6), date_maj timestamp(6), id bigint, siret varchar(14), telephone_e164 varchar(20), email varchar(150), mot_de_passe_hash varchar(255), raison_sociale varchar(255), telephone_commerce varchar(255), etat enum ('ACTIF', 'DESACTIVE', 'EN_ATTENTE', 'VERROUILLE'), mode_vente enum ('EN_LIGNE', 'LES_DEUX', 'SUR_PLACE'), statut_configuration_paiement enum ('ACTIF', 'EN_ATTENTE', 'NON_CONFIGURE'), primary key (HTE_IDENTITY)) TRANSACTIONAL
Hibernate: 
    create global temporary table HTE_compte(HTE_IDENTITY bigint generated 
by
    default as identity, date_creation timestamp(6), date_maj timestamp(6), id bigint, siret varchar(14), telephone_e164 varchar(20), email varchar(150), mot_de_passe_hash varchar(255), raison_sociale varchar(255), telephone_commerce varchar(255), etat enum ('ACTIF', 'DESACTIVE', 'EN_ATTENTE', 'VERROUILLE'), mode_vente enum ('EN_LIGNE', 'LES_DEUX', 'SUR_PLACE'), statut_configuration_paiement enum ('ACTIF', 'EN_ATTENTE', 'NON_CONFIGURE'), primary key (HTE_IDENTITY)) TRANSACTIONAL
2025-10-15T17:19:08.562+02:00 DEBUG 20717 --- [           main] org.hibernate.SQL                        : 
    create global temporary table HTE_boulanger(HTE_IDENTITY bigint generated 
by
    default as identity, date_creation timestamp(6), date_maj timestamp(6), id bigint, siret varchar(14), telephone_e164 varchar(20), email varchar(150), mot_de_passe_hash varchar(255), raison_sociale varchar(255), telephone_commerce varchar(255), etat enum ('ACTIF', 'DESACTIVE', 'EN_ATTENTE', 'VERROUILLE'), mode_vente enum ('EN_LIGNE', 'LES_DEUX', 'SUR_PLACE'), statut_configuration_paiement enum ('ACTIF', 'EN_ATTENTE', 'NON_CONFIGURE'), primary key (HTE_IDENTITY)) TRANSACTIONAL
Hibernate: 
    create global temporary table HTE_boulanger(HTE_IDENTITY bigint generated 
by
    default as identity, date_creation timestamp(6), date_maj timestamp(6), id bigint, siret varchar(14), telephone_e164 varchar(20), email varchar(150), mot_de_passe_hash varchar(255), raison_sociale varchar(255), telephone_commerce varchar(255), etat enum ('ACTIF', 'DESACTIVE', 'EN_ATTENTE', 'VERROUILLE'), mode_vente enum ('EN_LIGNE', 'LES_DEUX', 'SUR_PLACE'), statut_configuration_paiement enum ('ACTIF', 'EN_ATTENTE', 'NON_CONFIGURE'), primary key (HTE_IDENTITY)) TRANSACTIONAL
2025-10-15T17:19:08.570+02:00  INFO 20717 --- [           main] o.h.e.t.j.p.i.JtaPlatformInitiator       : HHH000489: No JTA platform available (set 'hibernate.transaction.jta.platform' to enable JTA platform integration)
2025-10-15T17:19:08.571+02:00 DEBUG 20717 --- [           main] org.hibernate.SQL                        : 
    drop table if exists activation_sms cascade 
Hibernate: 
    drop table if exists activation_sms cascade 
2025-10-15T17:19:08.571+02:00 DEBUG 20717 --- [           main] org.hibernate.SQL                        : 
    drop table if exists audit_log cascade 
Hibernate: 
    drop table if exists audit_log cascade 
2025-10-15T17:19:08.571+02:00 DEBUG 20717 --- [           main] org.hibernate.SQL                        : 
    drop table if exists boulanger cascade 
Hibernate: 
    drop table if exists boulanger cascade 
2025-10-15T17:19:08.572+02:00 DEBUG 20717 --- [           main] org.hibernate.SQL                        : 
    drop table if exists compte cascade 
Hibernate: 
    drop table if exists compte cascade 
2025-10-15T17:19:08.572+02:00 DEBUG 20717 --- [           main] org.hibernate.SQL                        : 
    drop table if exists preference cascade 
Hibernate: 
    drop table if exists preference cascade 
2025-10-15T17:19:08.572+02:00 DEBUG 20717 --- [           main] org.hibernate.SQL                        : 
    drop table if exists signup_session cascade 
Hibernate: 
    drop table if exists signup_session cascade 
2025-10-15T17:19:08.572+02:00 DEBUG 20717 --- [           main] org.hibernate.SQL                        : 
    drop table if exists stripe_account cascade 
Hibernate: 
    drop table if exists stripe_account cascade 
2025-10-15T17:19:08.572+02:00 DEBUG 20717 --- [           main] org.hibernate.SQL                        : 
    create table activation_sms (
        attempts integer not null,
        max_attempts integer not null,
        compte_id bigint not null,
        created_at timestamp(6) not null,
        expires_at timestamp(6) not null,
        id bigint generated by default as identity,
        code_hash varchar(255) not null,
        status enum ('EN_ATTENTE','EXPIRE','VERIFIE') not null,
        primary key (id)
    )
Hibernate: 
    create table activation_sms (
        attempts integer not null,
        max_attempts integer not null,
        compte_id bigint not null,
        created_at timestamp(6) not null,
        expires_at timestamp(6) not null,
        id bigint generated by default as identity,
        code_hash varchar(255) not null,
        status enum ('EN_ATTENTE','EXPIRE','VERIFIE') not null,
        primary key (id)
    )
2025-10-15T17:19:08.573+02:00 DEBUG 20717 --- [           main] org.hibernate.SQL                        : 
    create table audit_log (
        compte_id bigint not null,
        id bigint generated by default as identity,
        timestamp timestamp(6) not null,
        detail varchar(500),
        action enum ('SMS_SEND','SMS_VERIFY','STRIPE_CONNECT','STRIPE_ERROR') not null,
        status enum ('FAILURE','SUCCESS') not null,
        primary key (id)
    )
Hibernate: 
    create table audit_log (
        compte_id bigint not null,
        id bigint generated by default as identity,
        timestamp timestamp(6) not null,
        detail varchar(500),
        action enum ('SMS_SEND','SMS_VERIFY','STRIPE_CONNECT','STRIPE_ERROR') not null,
        status enum ('FAILURE','SUCCESS') not null,
        primary key (id)
    )
2025-10-15T17:19:08.574+02:00 DEBUG 20717 --- [           main] org.hibernate.SQL                        : 
    create table boulanger (
        id bigint not null,
        siret varchar(14) not null unique,
        raison_sociale varchar(255) not null,
        telephone_commerce varchar(255),
        mode_vente enum ('EN_LIGNE','LES_DEUX','SUR_PLACE') not null,
        statut_configuration_paiement enum ('ACTIF','EN_ATTENTE','NON_CONFIGURE') not null,
        primary key (id)
    )
Hibernate: 
    create table boulanger (
        id bigint not null,
        siret varchar(14) not null unique,
        raison_sociale varchar(255) not null,
        telephone_commerce varchar(255),
        mode_vente enum ('EN_LIGNE','LES_DEUX','SUR_PLACE') not null,
        statut_configuration_paiement enum ('ACTIF','EN_ATTENTE','NON_CONFIGURE') not null,
        primary key (id)
    )
2025-10-15T17:19:08.575+02:00 DEBUG 20717 --- [           main] org.hibernate.SQL                        : 
    create table compte (
        date_creation timestamp(6) not null,
        date_maj timestamp(6) not null,
        id bigint generated by default as identity,
        telephone_e164 varchar(20) unique,
        email varchar(150) not null unique,
        mot_de_passe_hash varchar(255) not null,
        etat enum ('ACTIF','DESACTIVE','EN_ATTENTE','VERROUILLE') not null,
        primary key (id)
    )
Hibernate: 
    create table compte (
        date_creation timestamp(6) not null,
        date_maj timestamp(6) not null,
        id bigint generated by default as identity,
        telephone_e164 varchar(20) unique,
        email varchar(150) not null unique,
        mot_de_passe_hash varchar(255) not null,
        etat enum ('ACTIF','DESACTIVE','EN_ATTENTE','VERROUILLE') not null,
        primary key (id)
    )
2025-10-15T17:19:08.576+02:00 DEBUG 20717 --- [           main] org.hibernate.SQL                        : 
    create table preference (
        accepte_cgu boolean not null,
        accepte_rgpd boolean not null,
        accepte_stripe boolean not null,
        email boolean not null,
        sms boolean not null,
        compte_id bigint not null unique,
        date_acceptation timestamp(6),
        id bigint generated by default as identity,
        primary key (id)
    )
Hibernate: 
    create table preference (
        accepte_cgu boolean not null,
        accepte_rgpd boolean not null,
        accepte_stripe boolean not null,
        email boolean not null,
        sms boolean not null,
        compte_id bigint not null unique,
        date_acceptation timestamp(6),
        id bigint generated by default as identity,
        primary key (id)
    )
2025-10-15T17:19:08.577+02:00 DEBUG 20717 --- [           main] org.hibernate.SQL                        : 
    create table signup_session (
        completed boolean not null,
        compte_id bigint,
        created_at timestamp(6) not null,
        expires_at timestamp(6) not null,
        id bigint generated by default as identity,
        updated_at timestamp(6) not null,
        current_step enum ('ADRESSE_MODE_VENTE','CONSENTS','EMAIL','EMAIL_CODE','PASSWORD','PROFILE','SMS_CODE','STRIPE') not null,
        signup_type enum ('BOULANGER','CLIENT','EMPLOYE') not null,
        primary key (id)
    )
Hibernate: 
    create table signup_session (
        completed boolean not null,
        compte_id bigint,
        created_at timestamp(6) not null,
        expires_at timestamp(6) not null,
        id bigint generated by default as identity,
        updated_at timestamp(6) not null,
        current_step enum ('ADRESSE_MODE_VENTE','CONSENTS','EMAIL','EMAIL_CODE','PASSWORD','PROFILE','SMS_CODE','STRIPE') not null,
        signup_type enum ('BOULANGER','CLIENT','EMPLOYE') not null,
        primary key (id)
    )
2025-10-15T17:19:08.578+02:00 DEBUG 20717 --- [           main] org.hibernate.SQL                        : 
    create table stripe_account (
        compte_id bigint not null unique,
        id bigint generated by default as identity,
        stripe_account_id varchar(120) not null unique,
        status enum ('ACTIF','EN_ATTENTE','ERREUR','NON_CONFIGURE') not null,
        primary key (id)
    )
Hibernate: 
    create table stripe_account (
        compte_id bigint not null unique,
        id bigint generated by default as identity,
        stripe_account_id varchar(120) not null unique,
        status enum ('ACTIF','EN_ATTENTE','ERREUR','NON_CONFIGURE') not null,
        primary key (id)
    )
2025-10-15T17:19:08.579+02:00 DEBUG 20717 --- [           main] org.hibernate.SQL                        : 
    alter table if exists boulanger 
       add constraint FKcjnakmn53lauuh7xwphy8x67y 
       foreign key (id) 
       references compte
Hibernate: 
    alter table if exists boulanger 
       add constraint FKcjnakmn53lauuh7xwphy8x67y 
       foreign key (id) 
       references compte
2025-10-15T17:19:08.580+02:00 DEBUG 20717 --- [           main] org.hibernate.SQL                        : 
    alter table if exists preference 
       add constraint FK2ao0vtv7rwgyyj9kdcxd3a6ag 
       foreign key (compte_id) 
       references compte
Hibernate: 
    alter table if exists preference 
       add constraint FK2ao0vtv7rwgyyj9kdcxd3a6ag 
       foreign key (compte_id) 
       references compte
2025-10-15T17:19:08.581+02:00  INFO 20717 --- [           main] j.LocalContainerEntityManagerFactoryBean : Initialized JPA EntityManagerFactory for persistence unit 'default'
2025-10-15T17:19:08.767+02:00  INFO 20717 --- [           main] o.s.b.a.e.web.EndpointLinksResolver      : Exposing 1 endpoint beneath base path '/actuator'
2025-10-15T17:19:08.779+02:00  WARN 20717 --- [           main] .s.s.UserDetailsServiceAutoConfiguration : 

Using generated security password: 0e8e4d6e-d36c-43a5-8445-63afa98610d8

This generated password is for development use only. Your security configuration must be updated before running your application in production.

2025-10-15T17:19:08.780+02:00  INFO 20717 --- [           main] r$InitializeUserDetailsManagerConfigurer : Global AuthenticationManager configured with UserDetailsService bean with name inMemoryUserDetailsManager
2025-10-15T17:19:08.914+02:00  INFO 20717 --- [           main] c.q.i.sms.ActivationSmsRepositoryTest    : Started ActivationSmsRepositoryTest in 0.778 seconds (process running for 15.769)
2025-10-15T17:19:08.923+02:00 DEBUG 20717 --- [           main] org.hibernate.SQL                        : 
    /* insert for
        com.quickpass.sms.domain.model.ActivationSms */insert 
    into
        activation_sms (attempts, code_hash, compte_id, created_at, expires_at, max_attempts, status, id) 
    values
        (?, ?, ?, ?, ?, ?, ?, default)
Hibernate: 
    /* insert for
        com.quickpass.sms.domain.model.ActivationSms */insert 
    into
        activation_sms (attempts, code_hash, compte_id, created_at, expires_at, max_attempts, status, id) 
    values
        (?, ?, ?, ?, ?, ?, ?, default)
2025-10-15T17:19:08.930+02:00 DEBUG 20717 --- [           main] org.hibernate.SQL                        : 
    /* update
        for com.quickpass.sms.domain.model.ActivationSms */update activation_sms 
    set
        attempts=?,
        code_hash=?,
        compte_id=?,
        expires_at=?,
        max_attempts=?,
        status=? 
    where
        id=?
Hibernate: 
    /* update
        for com.quickpass.sms.domain.model.ActivationSms */update activation_sms 
    set
        attempts=?,
        code_hash=?,
        compte_id=?,
        expires_at=?,
        max_attempts=?,
        status=? 
    where
        id=?
2025-10-15T17:19:08.932+02:00 DEBUG 20717 --- [           main] org.hibernate.SQL                        : 
    /* <criteria> */ select
        as1_0.id,
        as1_0.attempts,
        as1_0.code_hash,
        as1_0.compte_id,
        as1_0.created_at,
        as1_0.expires_at,
        as1_0.max_attempts,
        as1_0.status 
    from
        activation_sms as1_0 
    where
        as1_0.compte_id=? 
        and as1_0.status=?
Hibernate: 
    /* <criteria> */ select
        as1_0.id,
        as1_0.attempts,
        as1_0.code_hash,
        as1_0.compte_id,
        as1_0.created_at,
        as1_0.expires_at,
        as1_0.max_attempts,
        as1_0.status 
    from
        activation_sms as1_0 
    where
        as1_0.compte_id=? 
        and as1_0.status=?
2025-10-15T17:19:08.941+02:00  INFO 20717 --- [           main] j.LocalContainerEntityManagerFactoryBean : Closing JPA EntityManagerFactory for persistence unit 'default'
2025-10-15T17:19:08.941+02:00 DEBUG 20717 --- [           main] org.hibernate.SQL                        : 
    drop table if exists activation_sms cascade 
Hibernate: 
    drop table if exists activation_sms cascade 
2025-10-15T17:19:08.942+02:00 DEBUG 20717 --- [           main] org.hibernate.SQL                        : 
    drop table if exists audit_log cascade 
Hibernate: 
    drop table if exists audit_log cascade 
2025-10-15T17:19:08.942+02:00 DEBUG 20717 --- [           main] org.hibernate.SQL                        : 
    drop table if exists boulanger cascade 
Hibernate: 
    drop table if exists boulanger cascade 
2025-10-15T17:19:08.943+02:00 DEBUG 20717 --- [           main] org.hibernate.SQL                        : 
    drop table if exists compte cascade 
Hibernate: 
    drop table if exists compte cascade 
2025-10-15T17:19:08.943+02:00 DEBUG 20717 --- [           main] org.hibernate.SQL                        : 
    drop table if exists preference cascade 
Hibernate: 
    drop table if exists preference cascade 
2025-10-15T17:19:08.944+02:00 DEBUG 20717 --- [           main] org.hibernate.SQL                        : 
    drop table if exists signup_session cascade 
Hibernate: 
    drop table if exists signup_session cascade 
2025-10-15T17:19:08.944+02:00 DEBUG 20717 --- [           main] org.hibernate.SQL                        : 
    drop table if exists stripe_account cascade 
Hibernate: 
    drop table if exists stripe_account cascade 
2025-10-15T17:19:08.946+02:00  INFO 20717 --- [           main] com.zaxxer.hikari.HikariDataSource       : HikariPool-4 - Shutdown initiated...
2025-10-15T17:19:08.946+02:00  INFO 20717 --- [           main] com.zaxxer.hikari.HikariDataSource       : HikariPool-4 - Shutdown completed.
]]></system-out>
  </testcase>
</testsuite>