<?xml version="1.0" encoding="UTF-8"?>
<testsuite xmlns:xsi="http://www.w3.org/2001/XMLSchema-instance" xsi:noNamespaceSchemaLocation="https://maven.apache.org/surefire/maven-surefire-plugin/xsd/surefire-test-report.xsd" version="3.0.2" name="com.quickpass.integration.sms.ActivationSmsRepositoryTest" time="3.604" tests="3" errors="0" skipped="0" failures="0">
  <properties>
[...]
</properties>
  <testcase name="shouldPersistAndFindPendingByCompteId" classname="Integration - ActivationSmsRepository" time="0.052">
    <system-out><![CDATA[2025-10-17T10:43:33.595+02:00  INFO 50718 --- [           main] t.c.s.AnnotationConfigContextLoaderUtils : Could not detect default configuration classes for test class [com.quickpass.integration.sms.ActivationSmsRepositoryTest]: ActivationSmsRepositoryTest does not declare any static, non-private, non-final, nested classes annotated with @Configuration.
2025-10-17T10:43:33.630+02:00  INFO 50718 --- [           main] .b.t.c.SpringBootTestContextBootstrapper : Found @SpringBootConfiguration com.quickpass.QuickPassBackendApplication for test class com.quickpass.integration.sms.ActivationSmsRepositoryTest

  .   ____          _            __ _ _
 /\\ / ___'_ __ _ _(_)_ __  __ _ \ \ \ \
( ( )\___ | '_ | '_| | '_ \/ _` | \ \ \ \
 \\/  ___)| |_)| | | | | || (_| |  ) ) ) )
  '  |____| .__|_| |_|_| |_\__, | / / / /
 =========|_|==============|___/=/_/_/_/

 :: Spring Boot ::                (v3.5.6)

2025-10-17T10:43:33.682+02:00  INFO 50718 --- [           main] c.q.i.sms.ActivationSmsRepositoryTest    : Starting ActivationSmsRepositoryTest using Java 21.0.8 with PID 50718 (started by medinaoukaci in /Users/medinaoukaci/development/quickpass/quickpass-backend)
2025-10-17T10:43:33.683+02:00 DEBUG 50718 --- [           main] c.q.i.sms.ActivationSmsRepositoryTest    : Running with Spring Boot v3.5.6, Spring v6.2.11
2025-10-17T10:43:33.683+02:00  INFO 50718 --- [           main] c.q.i.sms.ActivationSmsRepositoryTest    : The following 1 profile is active: "test"
2025-10-17T10:43:34.084+02:00  INFO 50718 --- [           main] .s.d.r.c.RepositoryConfigurationDelegate : Bootstrapping Spring Data JPA repositories in DEFAULT mode.
2025-10-17T10:43:34.113+02:00  INFO 50718 --- [           main] .s.d.r.c.RepositoryConfigurationDelegate : Finished Spring Data repository scanning in 25 ms. Found 6 JPA repository interfaces.
2025-10-17T10:43:34.253+02:00  INFO 50718 --- [           main] o.hibernate.jpa.internal.util.LogHelper  : HHH000204: Processing PersistenceUnitInfo [name: default]
2025-10-17T10:43:34.255+02:00  INFO 50718 --- [           main] o.h.c.internal.RegionFactoryInitiator    : HHH000026: Second-level cache disabled
2025-10-17T10:43:34.266+02:00  INFO 50718 --- [           main] o.s.o.j.p.SpringPersistenceUnitInfo      : No LoadTimeWeaver setup: ignoring JPA class transformer
2025-10-17T10:43:34.267+02:00  INFO 50718 --- [           main] com.zaxxer.hikari.HikariDataSource       : HikariPool-2 - Starting...
2025-10-17T10:43:34.467+02:00  INFO 50718 --- [           main] com.zaxxer.hikari.pool.HikariPool        : HikariPool-2 - Added connection conn0: url=jdbc:h2:mem:quickpass_testdb user=SA
2025-10-17T10:43:34.468+02:00  INFO 50718 --- [           main] com.zaxxer.hikari.HikariDataSource       : HikariPool-2 - Start completed.
2025-10-17T10:43:34.472+02:00  WARN 50718 --- [           main] org.hibernate.orm.deprecation            : HHH90000025: H2Dialect does not need to be specified explicitly using 'hibernate.dialect' (remove the property setting and it will be selected by default)
2025-10-17T10:43:34.479+02:00  INFO 50718 --- [           main] org.hibernate.orm.connections.pooling    : HHH10001005: Database info:
	Database JDBC URL [Connecting through datasource 'HikariDataSource (HikariPool-2)']
	Database driver: undefined/unknown
	Database version: 2.3.232
	Autocommit mode: undefined/unknown
	Isolation level: undefined/unknown
	Minimum pool size: undefined/unknown
	Maximum pool size: undefined/unknown
2025-10-17T10:43:34.566+02:00 DEBUG 50718 --- [           main] org.hibernate.SQL                        : 
    create global temporary table HT_compte(id bigint not null, primary key (id)) TRANSACTIONAL
Hibernate: 
    create global temporary table HT_compte(id bigint not null, primary key (id)) TRANSACTIONAL
2025-10-17T10:43:34.574+02:00 DEBUG 50718 --- [           main] org.hibernate.SQL                        : 
    create global temporary table HTE_compte(HTE_IDENTITY bigint generated 
by
    default as identity, date_creation timestamp(6), date_maj timestamp(6), id bigint, siret varchar(14), telephone_e164 varchar(20), email varchar(150), mot_de_passe_hash varchar(255), raison_sociale varchar(255), telephone_commerce varchar(255), etat enum ('ACTIF', 'DESACTIVE', 'EN_ATTENTE', 'VERROUILLE'), mode_vente enum ('EN_LIGNE', 'LES_DEUX', 'SUR_PLACE'), statut_configuration_paiement enum ('ACTIF', 'EN_ATTENTE', 'NON_CONFIGURE'), primary key (HTE_IDENTITY)) TRANSACTIONAL
Hibernate: 
    create global temporary table HTE_compte(HTE_IDENTITY bigint generated 
by
    default as identity, date_creation timestamp(6), date_maj timestamp(6), id bigint, siret varchar(14), telephone_e164 varchar(20), email varchar(150), mot_de_passe_hash varchar(255), raison_sociale varchar(255), telephone_commerce varchar(255), etat enum ('ACTIF', 'DESACTIVE', 'EN_ATTENTE', 'VERROUILLE'), mode_vente enum ('EN_LIGNE', 'LES_DEUX', 'SUR_PLACE'), statut_configuration_paiement enum ('ACTIF', 'EN_ATTENTE', 'NON_CONFIGURE'), primary key (HTE_IDENTITY)) TRANSACTIONAL
2025-10-17T10:43:34.579+02:00 DEBUG 50718 --- [           main] org.hibernate.SQL                        : 
    create global temporary table HTE_boulanger(HTE_IDENTITY bigint generated 
by
    default as identity, date_creation timestamp(6), date_maj timestamp(6), id bigint, siret varchar(14), telephone_e164 varchar(20), email varchar(150), mot_de_passe_hash varchar(255), raison_sociale varchar(255), telephone_commerce varchar(255), etat enum ('ACTIF', 'DESACTIVE', 'EN_ATTENTE', 'VERROUILLE'), mode_vente enum ('EN_LIGNE', 'LES_DEUX', 'SUR_PLACE'), statut_configuration_paiement enum ('ACTIF', 'EN_ATTENTE', 'NON_CONFIGURE'), primary key (HTE_IDENTITY)) TRANSACTIONAL
Hibernate: 
    create global temporary table HTE_boulanger(HTE_IDENTITY bigint generated 
by
    default as identity, date_creation timestamp(6), date_maj timestamp(6), id bigint, siret varchar(14), telephone_e164 varchar(20), email varchar(150), mot_de_passe_hash varchar(255), raison_sociale varchar(255), telephone_commerce varchar(255), etat enum ('ACTIF', 'DESACTIVE', 'EN_ATTENTE', 'VERROUILLE'), mode_vente enum ('EN_LIGNE', 'LES_DEUX', 'SUR_PLACE'), statut_configuration_paiement enum ('ACTIF', 'EN_ATTENTE', 'NON_CONFIGURE'), primary key (HTE_IDENTITY)) TRANSACTIONAL
2025-10-17T10:43:34.596+02:00  INFO 50718 --- [           main] o.h.e.t.j.p.i.JtaPlatformInitiator       : HHH000489: No JTA platform available (set 'hibernate.transaction.jta.platform' to enable JTA platform integration)
2025-10-17T10:43:34.596+02:00 DEBUG 50718 --- [           main] org.hibernate.SQL                        : 
    drop table if exists activation_sms cascade 
Hibernate: 
    drop table if exists activation_sms cascade 
2025-10-17T10:43:34.597+02:00 DEBUG 50718 --- [           main] org.hibernate.SQL                        : 
    drop table if exists audit_log cascade 
Hibernate: 
    drop table if exists audit_log cascade 
2025-10-17T10:43:34.597+02:00 DEBUG 50718 --- [           main] org.hibernate.SQL                        : 
    drop table if exists boulanger cascade 
Hibernate: 
    drop table if exists boulanger cascade 
2025-10-17T10:43:34.598+02:00 DEBUG 50718 --- [           main] org.hibernate.SQL                        : 
    drop table if exists compte cascade 
Hibernate: 
    drop table if exists compte cascade 
2025-10-17T10:43:34.598+02:00 DEBUG 50718 --- [           main] org.hibernate.SQL                        : 
    drop table if exists preference cascade 
Hibernate: 
    drop table if exists preference cascade 
2025-10-17T10:43:34.598+02:00 DEBUG 50718 --- [           main] org.hibernate.SQL                        : 
    drop table if exists signup_session cascade 
Hibernate: 
    drop table if exists signup_session cascade 
2025-10-17T10:43:34.598+02:00 DEBUG 50718 --- [           main] org.hibernate.SQL                        : 
    drop table if exists stripe_account cascade 
Hibernate: 
    drop table if exists stripe_account cascade 
2025-10-17T10:43:34.598+02:00 DEBUG 50718 --- [           main] org.hibernate.SQL                        : 
    create table activation_sms (
        attempts integer not null,
        max_attempts integer not null,
        compte_id bigint not null,
        created_at timestamp(6) not null,
        expires_at timestamp(6) not null,
        id bigint generated by default as identity,
        code_hash varchar(255) not null,
        status enum ('EN_ATTENTE','EXPIRE','VERIFIE') not null,
        primary key (id)
    )
Hibernate: 
    create table activation_sms (
        attempts integer not null,
        max_attempts integer not null,
        compte_id bigint not null,
        created_at timestamp(6) not null,
        expires_at timestamp(6) not null,
        id bigint generated by default as identity,
        code_hash varchar(255) not null,
        status enum ('EN_ATTENTE','EXPIRE','VERIFIE') not null,
        primary key (id)
    )
2025-10-17T10:43:34.600+02:00 DEBUG 50718 --- [           main] org.hibernate.SQL                        : 
    create table audit_log (
        compte_id bigint not null,
        id bigint generated by default as identity,
        timestamp timestamp(6) not null,
        detail varchar(500),
        action enum ('SMS_SEND','SMS_VERIFY','STRIPE_CONNECT','STRIPE_ERROR') not null,
        status enum ('FAILURE','SUCCESS') not null,
        primary key (id)
    )
Hibernate: 
    create table audit_log (
        compte_id bigint not null,
        id bigint generated by default as identity,
        timestamp timestamp(6) not null,
        detail varchar(500),
        action enum ('SMS_SEND','SMS_VERIFY','STRIPE_CONNECT','STRIPE_ERROR') not null,
        status enum ('FAILURE','SUCCESS') not null,
        primary key (id)
    )
2025-10-17T10:43:34.601+02:00 DEBUG 50718 --- [           main] org.hibernate.SQL                        : 
    create table boulanger (
        id bigint not null,
        siret varchar(14) not null unique,
        raison_sociale varchar(255) not null,
        telephone_commerce varchar(255),
        mode_vente enum ('EN_LIGNE','LES_DEUX','SUR_PLACE') not null,
        statut_configuration_paiement enum ('ACTIF','EN_ATTENTE','NON_CONFIGURE') not null,
        primary key (id)
    )
Hibernate: 
    create table boulanger (
        id bigint not null,
        siret varchar(14) not null unique,
        raison_sociale varchar(255) not null,
        telephone_commerce varchar(255),
        mode_vente enum ('EN_LIGNE','LES_DEUX','SUR_PLACE') not null,
        statut_configuration_paiement enum ('ACTIF','EN_ATTENTE','NON_CONFIGURE') not null,
        primary key (id)
    )
2025-10-17T10:43:34.604+02:00 DEBUG 50718 --- [           main] org.hibernate.SQL                        : 
    create table compte (
        date_creation timestamp(6) not null,
        date_maj timestamp(6) not null,
        id bigint generated by default as identity,
        telephone_e164 varchar(20) unique,
        email varchar(150) not null unique,
        mot_de_passe_hash varchar(255) not null,
        etat enum ('ACTIF','DESACTIVE','EN_ATTENTE','VERROUILLE') not null,
        primary key (id)
    )
Hibernate: 
    create table compte (
        date_creation timestamp(6) not null,
        date_maj timestamp(6) not null,
        id bigint generated by default as identity,
        telephone_e164 varchar(20) unique,
        email varchar(150) not null unique,
        mot_de_passe_hash varchar(255) not null,
        etat enum ('ACTIF','DESACTIVE','EN_ATTENTE','VERROUILLE') not null,
        primary key (id)
    )
2025-10-17T10:43:34.605+02:00 DEBUG 50718 --- [           main] org.hibernate.SQL                        : 
    create table preference (
        accepte_cgu boolean not null,
        accepte_rgpd boolean not null,
        accepte_stripe boolean not null,
        email boolean not null,
        sms boolean not null,
        compte_id bigint not null unique,
        date_acceptation timestamp(6),
        id bigint generated by default as identity,
        primary key (id)
    )
Hibernate: 
    create table preference (
        accepte_cgu boolean not null,
        accepte_rgpd boolean not null,
        accepte_stripe boolean not null,
        email boolean not null,
        sms boolean not null,
        compte_id bigint not null unique,
        date_acceptation timestamp(6),
        id bigint generated by default as identity,
        primary key (id)
    )
2025-10-17T10:43:34.606+02:00 DEBUG 50718 --- [           main] org.hibernate.SQL                        : 
    create table signup_session (
        completed boolean not null,
        compte_id bigint,
        created_at timestamp(6) not null,
        expires_at timestamp(6) not null,
        id bigint generated by default as identity,
        updated_at timestamp(6) not null,
        email varchar(255) not null,
        current_step enum ('ADRESSE_MODE_VENTE','CONSENTS','EMAIL','EMAIL_CODE','PASSWORD','PROFILE','SMS_CODE','STRIPE') not null,
        signup_type enum ('BOULANGER','CLIENT','EMPLOYE') not null,
        primary key (id)
    )
Hibernate: 
    create table signup_session (
        completed boolean not null,
        compte_id bigint,
        created_at timestamp(6) not null,
        expires_at timestamp(6) not null,
        id bigint generated by default as identity,
        updated_at timestamp(6) not null,
        email varchar(255) not null,
        current_step enum ('ADRESSE_MODE_VENTE','CONSENTS','EMAIL','EMAIL_CODE','PASSWORD','PROFILE','SMS_CODE','STRIPE') not null,
        signup_type enum ('BOULANGER','CLIENT','EMPLOYE') not null,
        primary key (id)
    )
2025-10-17T10:43:34.607+02:00 DEBUG 50718 --- [           main] org.hibernate.SQL                        : 
    create table stripe_account (
        compte_id bigint not null unique,
        id bigint generated by default as identity,
        stripe_account_id varchar(120) not null unique,
        status enum ('ACTIF','EN_ATTENTE','ERREUR','NON_CONFIGURE') not null,
        primary key (id)
    )
Hibernate: 
    create table stripe_account (
        compte_id bigint not null unique,
        id bigint generated by default as identity,
        stripe_account_id varchar(120) not null unique,
        status enum ('ACTIF','EN_ATTENTE','ERREUR','NON_CONFIGURE') not null,
        primary key (id)
    )
2025-10-17T10:43:34.611+02:00 DEBUG 50718 --- [           main] org.hibernate.SQL                        : 
    alter table if exists boulanger 
       add constraint FKcjnakmn53lauuh7xwphy8x67y 
       foreign key (id) 
       references compte
Hibernate: 
    alter table if exists boulanger 
       add constraint FKcjnakmn53lauuh7xwphy8x67y 
       foreign key (id) 
       references compte
2025-10-17T10:43:34.623+02:00 DEBUG 50718 --- [           main] org.hibernate.SQL                        : 
    alter table if exists preference 
       add constraint FK2ao0vtv7rwgyyj9kdcxd3a6ag 
       foreign key (compte_id) 
       references compte
Hibernate: 
    alter table if exists preference 
       add constraint FK2ao0vtv7rwgyyj9kdcxd3a6ag 
       foreign key (compte_id) 
       references compte
2025-10-17T10:43:34.625+02:00  INFO 50718 --- [           main] j.LocalContainerEntityManagerFactoryBean : Initialized JPA EntityManagerFactory for persistence unit 'default'
2025-10-17T10:43:34.978+02:00  INFO 50718 --- [           main] o.s.b.a.e.web.EndpointLinksResolver      : Exposing 1 endpoint beneath base path '/actuator'
2025-10-17T10:43:35.030+02:00  WARN 50718 --- [           main] .s.s.UserDetailsServiceAutoConfiguration : 

Using generated security password: 8f364c47-8c4f-414b-b9e9-287994353c38

This generated password is for development use only. Your security configuration must be updated before running your application in production.

2025-10-17T10:43:35.032+02:00  INFO 50718 --- [           main] r$InitializeUserDetailsManagerConfigurer : Global AuthenticationManager configured with UserDetailsService bean with name inMemoryUserDetailsManager
2025-10-17T10:43:35.260+02:00  INFO 50718 --- [           main] c.q.i.sms.ActivationSmsRepositoryTest    : Started ActivationSmsRepositoryTest in 1.626 seconds (process running for 13.627)
2025-10-17T10:43:35.272+02:00 DEBUG 50718 --- [           main] org.hibernate.SQL                        : 
    /* insert for
        com.quickpass.sms.domain.model.ActivationSms */insert 
    into
        activation_sms (attempts, code_hash, compte_id, created_at, expires_at, max_attempts, status, id) 
    values
        (?, ?, ?, ?, ?, ?, ?, default)
Hibernate: 
    /* insert for
        com.quickpass.sms.domain.model.ActivationSms */insert 
    into
        activation_sms (attempts, code_hash, compte_id, created_at, expires_at, max_attempts, status, id) 
    values
        (?, ?, ?, ?, ?, ?, ?, default)
2025-10-17T10:43:35.291+02:00 DEBUG 50718 --- [           main] org.hibernate.SQL                        : 
    /* <criteria> */ select
        as1_0.id,
        as1_0.attempts,
        as1_0.code_hash,
        as1_0.compte_id,
        as1_0.created_at,
        as1_0.expires_at,
        as1_0.max_attempts,
        as1_0.status 
    from
        activation_sms as1_0 
    where
        as1_0.compte_id=? 
        and as1_0.status=?
Hibernate: 
    /* <criteria> */ select
        as1_0.id,
        as1_0.attempts,
        as1_0.code_hash,
        as1_0.compte_id,
        as1_0.created_at,
        as1_0.expires_at,
        as1_0.max_attempts,
        as1_0.status 
    from
        activation_sms as1_0 
    where
        as1_0.compte_id=? 
        and as1_0.status=?
2025-10-17T10:43:35.304+02:00  INFO 50718 --- [           main] j.LocalContainerEntityManagerFactoryBean : Closing JPA EntityManagerFactory for persistence unit 'default'
2025-10-17T10:43:35.305+02:00 DEBUG 50718 --- [           main] org.hibernate.SQL                        : 
    drop table if exists activation_sms cascade 
Hibernate: 
    drop table if exists activation_sms cascade 
2025-10-17T10:43:35.306+02:00 DEBUG 50718 --- [           main] org.hibernate.SQL                        : 
    drop table if exists audit_log cascade 
Hibernate: 
    drop table if exists audit_log cascade 
2025-10-17T10:43:35.307+02:00 DEBUG 50718 --- [           main] org.hibernate.SQL                        : 
    drop table if exists boulanger cascade 
Hibernate: 
    drop table if exists boulanger cascade 
2025-10-17T10:43:35.308+02:00 DEBUG 50718 --- [           main] org.hibernate.SQL                        : 
    drop table if exists compte cascade 
Hibernate: 
    drop table if exists compte cascade 
2025-10-17T10:43:35.309+02:00 DEBUG 50718 --- [           main] org.hibernate.SQL                        : 
    drop table if exists preference cascade 
Hibernate: 
    drop table if exists preference cascade 
2025-10-17T10:43:35.310+02:00 DEBUG 50718 --- [           main] org.hibernate.SQL                        : 
    drop table if exists signup_session cascade 
Hibernate: 
    drop table if exists signup_session cascade 
2025-10-17T10:43:35.310+02:00 DEBUG 50718 --- [           main] org.hibernate.SQL                        : 
    drop table if exists stripe_account cascade 
Hibernate: 
    drop table if exists stripe_account cascade 
2025-10-17T10:43:35.313+02:00  INFO 50718 --- [           main] com.zaxxer.hikari.HikariDataSource       : HikariPool-2 - Shutdown initiated...
2025-10-17T10:43:35.315+02:00  INFO 50718 --- [           main] com.zaxxer.hikari.HikariDataSource       : HikariPool-2 - Shutdown completed.
]]></system-out>
  </testcase>
  <testcase name="shouldReturnEmptyIfNoPendingSms" classname="Integration - ActivationSmsRepository" time="0.021">
    <system-out><![CDATA[
  .   ____          _            __ _ _
 /\\ / ___'_ __ _ _(_)_ __  __ _ \ \ \ \
( ( )\___ | '_ | '_| | '_ \/ _` | \ \ \ \
 \\/  ___)| |_)| | | | | || (_| |  ) ) ) )
  '  |____| .__|_| |_|_| |_\__, | / / / /
 =========|_|==============|___/=/_/_/_/

 :: Spring Boot ::                (v3.5.6)

2025-10-17T10:43:35.344+02:00  INFO 50718 --- [           main] c.q.i.sms.ActivationSmsRepositoryTest    : Starting ActivationSmsRepositoryTest using Java 21.0.8 with PID 50718 (started by medinaoukaci in /Users/medinaoukaci/development/quickpass/quickpass-backend)
2025-10-17T10:43:35.344+02:00 DEBUG 50718 --- [           main] c.q.i.sms.ActivationSmsRepositoryTest    : Running with Spring Boot v3.5.6, Spring v6.2.11
2025-10-17T10:43:35.344+02:00  INFO 50718 --- [           main] c.q.i.sms.ActivationSmsRepositoryTest    : The following 1 profile is active: "test"
2025-10-17T10:43:35.635+02:00  INFO 50718 --- [           main] .s.d.r.c.RepositoryConfigurationDelegate : Bootstrapping Spring Data JPA repositories in DEFAULT mode.
2025-10-17T10:43:35.657+02:00  INFO 50718 --- [           main] .s.d.r.c.RepositoryConfigurationDelegate : Finished Spring Data repository scanning in 20 ms. Found 6 JPA repository interfaces.
2025-10-17T10:43:35.752+02:00  INFO 50718 --- [           main] o.hibernate.jpa.internal.util.LogHelper  : HHH000204: Processing PersistenceUnitInfo [name: default]
2025-10-17T10:43:35.754+02:00  INFO 50718 --- [           main] o.h.c.internal.RegionFactoryInitiator    : HHH000026: Second-level cache disabled
2025-10-17T10:43:35.761+02:00  INFO 50718 --- [           main] o.s.o.j.p.SpringPersistenceUnitInfo      : No LoadTimeWeaver setup: ignoring JPA class transformer
2025-10-17T10:43:35.762+02:00  INFO 50718 --- [           main] com.zaxxer.hikari.HikariDataSource       : HikariPool-3 - Starting...
2025-10-17T10:43:35.763+02:00  INFO 50718 --- [           main] com.zaxxer.hikari.pool.HikariPool        : HikariPool-3 - Added connection conn10: url=jdbc:h2:mem:quickpass_testdb user=SA
2025-10-17T10:43:35.763+02:00  INFO 50718 --- [           main] com.zaxxer.hikari.HikariDataSource       : HikariPool-3 - Start completed.
2025-10-17T10:43:35.764+02:00  WARN 50718 --- [           main] org.hibernate.orm.deprecation            : HHH90000025: H2Dialect does not need to be specified explicitly using 'hibernate.dialect' (remove the property setting and it will be selected by default)
2025-10-17T10:43:35.764+02:00  INFO 50718 --- [           main] org.hibernate.orm.connections.pooling    : HHH10001005: Database info:
	Database JDBC URL [Connecting through datasource 'HikariDataSource (HikariPool-3)']
	Database driver: undefined/unknown
	Database version: 2.3.232
	Autocommit mode: undefined/unknown
	Isolation level: undefined/unknown
	Minimum pool size: undefined/unknown
	Maximum pool size: undefined/unknown
2025-10-17T10:43:35.819+02:00 DEBUG 50718 --- [           main] org.hibernate.SQL                        : 
    create global temporary table HT_compte(id bigint not null, primary key (id)) TRANSACTIONAL
Hibernate: 
    create global temporary table HT_compte(id bigint not null, primary key (id)) TRANSACTIONAL
2025-10-17T10:43:35.822+02:00 DEBUG 50718 --- [           main] org.hibernate.SQL                        : 
    create global temporary table HTE_compte(HTE_IDENTITY bigint generated 
by
    default as identity, date_creation timestamp(6), date_maj timestamp(6), id bigint, siret varchar(14), telephone_e164 varchar(20), email varchar(150), mot_de_passe_hash varchar(255), raison_sociale varchar(255), telephone_commerce varchar(255), etat enum ('ACTIF', 'DESACTIVE', 'EN_ATTENTE', 'VERROUILLE'), mode_vente enum ('EN_LIGNE', 'LES_DEUX', 'SUR_PLACE'), statut_configuration_paiement enum ('ACTIF', 'EN_ATTENTE', 'NON_CONFIGURE'), primary key (HTE_IDENTITY)) TRANSACTIONAL
Hibernate: 
    create global temporary table HTE_compte(HTE_IDENTITY bigint generated 
by
    default as identity, date_creation timestamp(6), date_maj timestamp(6), id bigint, siret varchar(14), telephone_e164 varchar(20), email varchar(150), mot_de_passe_hash varchar(255), raison_sociale varchar(255), telephone_commerce varchar(255), etat enum ('ACTIF', 'DESACTIVE', 'EN_ATTENTE', 'VERROUILLE'), mode_vente enum ('EN_LIGNE', 'LES_DEUX', 'SUR_PLACE'), statut_configuration_paiement enum ('ACTIF', 'EN_ATTENTE', 'NON_CONFIGURE'), primary key (HTE_IDENTITY)) TRANSACTIONAL
2025-10-17T10:43:35.823+02:00 DEBUG 50718 --- [           main] org.hibernate.SQL                        : 
    create global temporary table HTE_boulanger(HTE_IDENTITY bigint generated 
by
    default as identity, date_creation timestamp(6), date_maj timestamp(6), id bigint, siret varchar(14), telephone_e164 varchar(20), email varchar(150), mot_de_passe_hash varchar(255), raison_sociale varchar(255), telephone_commerce varchar(255), etat enum ('ACTIF', 'DESACTIVE', 'EN_ATTENTE', 'VERROUILLE'), mode_vente enum ('EN_LIGNE', 'LES_DEUX', 'SUR_PLACE'), statut_configuration_paiement enum ('ACTIF', 'EN_ATTENTE', 'NON_CONFIGURE'), primary key (HTE_IDENTITY)) TRANSACTIONAL
Hibernate: 
    create global temporary table HTE_boulanger(HTE_IDENTITY bigint generated 
by
    default as identity, date_creation timestamp(6), date_maj timestamp(6), id bigint, siret varchar(14), telephone_e164 varchar(20), email varchar(150), mot_de_passe_hash varchar(255), raison_sociale varchar(255), telephone_commerce varchar(255), etat enum ('ACTIF', 'DESACTIVE', 'EN_ATTENTE', 'VERROUILLE'), mode_vente enum ('EN_LIGNE', 'LES_DEUX', 'SUR_PLACE'), statut_configuration_paiement enum ('ACTIF', 'EN_ATTENTE', 'NON_CONFIGURE'), primary key (HTE_IDENTITY)) TRANSACTIONAL
2025-10-17T10:43:35.836+02:00  INFO 50718 --- [           main] o.h.e.t.j.p.i.JtaPlatformInitiator       : HHH000489: No JTA platform available (set 'hibernate.transaction.jta.platform' to enable JTA platform integration)
2025-10-17T10:43:35.836+02:00 DEBUG 50718 --- [           main] org.hibernate.SQL                        : 
    drop table if exists activation_sms cascade 
Hibernate: 
    drop table if exists activation_sms cascade 
2025-10-17T10:43:35.836+02:00 DEBUG 50718 --- [           main] org.hibernate.SQL                        : 
    drop table if exists audit_log cascade 
Hibernate: 
    drop table if exists audit_log cascade 
2025-10-17T10:43:35.836+02:00 DEBUG 50718 --- [           main] org.hibernate.SQL                        : 
    drop table if exists boulanger cascade 
Hibernate: 
    drop table if exists boulanger cascade 
2025-10-17T10:43:35.836+02:00 DEBUG 50718 --- [           main] org.hibernate.SQL                        : 
    drop table if exists compte cascade 
Hibernate: 
    drop table if exists compte cascade 
2025-10-17T10:43:35.837+02:00 DEBUG 50718 --- [           main] org.hibernate.SQL                        : 
    drop table if exists preference cascade 
Hibernate: 
    drop table if exists preference cascade 
2025-10-17T10:43:35.837+02:00 DEBUG 50718 --- [           main] org.hibernate.SQL                        : 
    drop table if exists signup_session cascade 
Hibernate: 
    drop table if exists signup_session cascade 
2025-10-17T10:43:35.837+02:00 DEBUG 50718 --- [           main] org.hibernate.SQL                        : 
    drop table if exists stripe_account cascade 
Hibernate: 
    drop table if exists stripe_account cascade 
2025-10-17T10:43:35.837+02:00 DEBUG 50718 --- [           main] org.hibernate.SQL                        : 
    create table activation_sms (
        attempts integer not null,
        max_attempts integer not null,
        compte_id bigint not null,
        created_at timestamp(6) not null,
        expires_at timestamp(6) not null,
        id bigint generated by default as identity,
        code_hash varchar(255) not null,
        status enum ('EN_ATTENTE','EXPIRE','VERIFIE') not null,
        primary key (id)
    )
Hibernate: 
    create table activation_sms (
        attempts integer not null,
        max_attempts integer not null,
        compte_id bigint not null,
        created_at timestamp(6) not null,
        expires_at timestamp(6) not null,
        id bigint generated by default as identity,
        code_hash varchar(255) not null,
        status enum ('EN_ATTENTE','EXPIRE','VERIFIE') not null,
        primary key (id)
    )
2025-10-17T10:43:35.838+02:00 DEBUG 50718 --- [           main] org.hibernate.SQL                        : 
    create table audit_log (
        compte_id bigint not null,
        id bigint generated by default as identity,
        timestamp timestamp(6) not null,
        detail varchar(500),
        action enum ('SMS_SEND','SMS_VERIFY','STRIPE_CONNECT','STRIPE_ERROR') not null,
        status enum ('FAILURE','SUCCESS') not null,
        primary key (id)
    )
Hibernate: 
    create table audit_log (
        compte_id bigint not null,
        id bigint generated by default as identity,
        timestamp timestamp(6) not null,
        detail varchar(500),
        action enum ('SMS_SEND','SMS_VERIFY','STRIPE_CONNECT','STRIPE_ERROR') not null,
        status enum ('FAILURE','SUCCESS') not null,
        primary key (id)
    )
2025-10-17T10:43:35.839+02:00 DEBUG 50718 --- [           main] org.hibernate.SQL                        : 
    create table boulanger (
        id bigint not null,
        siret varchar(14) not null unique,
        raison_sociale varchar(255) not null,
        telephone_commerce varchar(255),
        mode_vente enum ('EN_LIGNE','LES_DEUX','SUR_PLACE') not null,
        statut_configuration_paiement enum ('ACTIF','EN_ATTENTE','NON_CONFIGURE') not null,
        primary key (id)
    )
Hibernate: 
    create table boulanger (
        id bigint not null,
        siret varchar(14) not null unique,
        raison_sociale varchar(255) not null,
        telephone_commerce varchar(255),
        mode_vente enum ('EN_LIGNE','LES_DEUX','SUR_PLACE') not null,
        statut_configuration_paiement enum ('ACTIF','EN_ATTENTE','NON_CONFIGURE') not null,
        primary key (id)
    )
2025-10-17T10:43:35.840+02:00 DEBUG 50718 --- [           main] org.hibernate.SQL                        : 
    create table compte (
        date_creation timestamp(6) not null,
        date_maj timestamp(6) not null,
        id bigint generated by default as identity,
        telephone_e164 varchar(20) unique,
        email varchar(150) not null unique,
        mot_de_passe_hash varchar(255) not null,
        etat enum ('ACTIF','DESACTIVE','EN_ATTENTE','VERROUILLE') not null,
        primary key (id)
    )
Hibernate: 
    create table compte (
        date_creation timestamp(6) not null,
        date_maj timestamp(6) not null,
        id bigint generated by default as identity,
        telephone_e164 varchar(20) unique,
        email varchar(150) not null unique,
        mot_de_passe_hash varchar(255) not null,
        etat enum ('ACTIF','DESACTIVE','EN_ATTENTE','VERROUILLE') not null,
        primary key (id)
    )
2025-10-17T10:43:35.842+02:00 DEBUG 50718 --- [           main] org.hibernate.SQL                        : 
    create table preference (
        accepte_cgu boolean not null,
        accepte_rgpd boolean not null,
        accepte_stripe boolean not null,
        email boolean not null,
        sms boolean not null,
        compte_id bigint not null unique,
        date_acceptation timestamp(6),
        id bigint generated by default as identity,
        primary key (id)
    )
Hibernate: 
    create table preference (
        accepte_cgu boolean not null,
        accepte_rgpd boolean not null,
        accepte_stripe boolean not null,
        email boolean not null,
        sms boolean not null,
        compte_id bigint not null unique,
        date_acceptation timestamp(6),
        id bigint generated by default as identity,
        primary key (id)
    )
2025-10-17T10:43:35.843+02:00 DEBUG 50718 --- [           main] org.hibernate.SQL                        : 
    create table signup_session (
        completed boolean not null,
        compte_id bigint,
        created_at timestamp(6) not null,
        expires_at timestamp(6) not null,
        id bigint generated by default as identity,
        updated_at timestamp(6) not null,
        email varchar(255) not null,
        current_step enum ('ADRESSE_MODE_VENTE','CONSENTS','EMAIL','EMAIL_CODE','PASSWORD','PROFILE','SMS_CODE','STRIPE') not null,
        signup_type enum ('BOULANGER','CLIENT','EMPLOYE') not null,
        primary key (id)
    )
Hibernate: 
    create table signup_session (
        completed boolean not null,
        compte_id bigint,
        created_at timestamp(6) not null,
        expires_at timestamp(6) not null,
        id bigint generated by default as identity,
        updated_at timestamp(6) not null,
        email varchar(255) not null,
        current_step enum ('ADRESSE_MODE_VENTE','CONSENTS','EMAIL','EMAIL_CODE','PASSWORD','PROFILE','SMS_CODE','STRIPE') not null,
        signup_type enum ('BOULANGER','CLIENT','EMPLOYE') not null,
        primary key (id)
    )
2025-10-17T10:43:35.844+02:00 DEBUG 50718 --- [           main] org.hibernate.SQL                        : 
    create table stripe_account (
        compte_id bigint not null unique,
        id bigint generated by default as identity,
        stripe_account_id varchar(120) not null unique,
        status enum ('ACTIF','EN_ATTENTE','ERREUR','NON_CONFIGURE') not null,
        primary key (id)
    )
Hibernate: 
    create table stripe_account (
        compte_id bigint not null unique,
        id bigint generated by default as identity,
        stripe_account_id varchar(120) not null unique,
        status enum ('ACTIF','EN_ATTENTE','ERREUR','NON_CONFIGURE') not null,
        primary key (id)
    )
2025-10-17T10:43:35.846+02:00 DEBUG 50718 --- [           main] org.hibernate.SQL                        : 
    alter table if exists boulanger 
       add constraint FKcjnakmn53lauuh7xwphy8x67y 
       foreign key (id) 
       references compte
Hibernate: 
    alter table if exists boulanger 
       add constraint FKcjnakmn53lauuh7xwphy8x67y 
       foreign key (id) 
       references compte
2025-10-17T10:43:35.847+02:00 DEBUG 50718 --- [           main] org.hibernate.SQL                        : 
    alter table if exists preference 
       add constraint FK2ao0vtv7rwgyyj9kdcxd3a6ag 
       foreign key (compte_id) 
       references compte
Hibernate: 
    alter table if exists preference 
       add constraint FK2ao0vtv7rwgyyj9kdcxd3a6ag 
       foreign key (compte_id) 
       references compte
2025-10-17T10:43:35.848+02:00  INFO 50718 --- [           main] j.LocalContainerEntityManagerFactoryBean : Initialized JPA EntityManagerFactory for persistence unit 'default'
2025-10-17T10:43:36.130+02:00  INFO 50718 --- [           main] o.s.b.a.e.web.EndpointLinksResolver      : Exposing 1 endpoint beneath base path '/actuator'
2025-10-17T10:43:36.144+02:00  WARN 50718 --- [           main] .s.s.UserDetailsServiceAutoConfiguration : 

Using generated security password: 44e0ad2a-e139-4b11-8325-1c8ef5299713

This generated password is for development use only. Your security configuration must be updated before running your application in production.

2025-10-17T10:43:36.145+02:00  INFO 50718 --- [           main] r$InitializeUserDetailsManagerConfigurer : Global AuthenticationManager configured with UserDetailsService bean with name inMemoryUserDetailsManager
2025-10-17T10:43:36.292+02:00  INFO 50718 --- [           main] c.q.i.sms.ActivationSmsRepositoryTest    : Started ActivationSmsRepositoryTest in 0.974 seconds (process running for 14.659)
2025-10-17T10:43:36.302+02:00 DEBUG 50718 --- [           main] org.hibernate.SQL                        : 
    /* <criteria> */ select
        as1_0.id,
        as1_0.attempts,
        as1_0.code_hash,
        as1_0.compte_id,
        as1_0.created_at,
        as1_0.expires_at,
        as1_0.max_attempts,
        as1_0.status 
    from
        activation_sms as1_0 
    where
        as1_0.compte_id=? 
        and as1_0.status=?
Hibernate: 
    /* <criteria> */ select
        as1_0.id,
        as1_0.attempts,
        as1_0.code_hash,
        as1_0.compte_id,
        as1_0.created_at,
        as1_0.expires_at,
        as1_0.max_attempts,
        as1_0.status 
    from
        activation_sms as1_0 
    where
        as1_0.compte_id=? 
        and as1_0.status=?
2025-10-17T10:43:36.311+02:00  INFO 50718 --- [           main] j.LocalContainerEntityManagerFactoryBean : Closing JPA EntityManagerFactory for persistence unit 'default'
2025-10-17T10:43:36.311+02:00 DEBUG 50718 --- [           main] org.hibernate.SQL                        : 
    drop table if exists activation_sms cascade 
Hibernate: 
    drop table if exists activation_sms cascade 
2025-10-17T10:43:36.312+02:00 DEBUG 50718 --- [           main] org.hibernate.SQL                        : 
    drop table if exists audit_log cascade 
Hibernate: 
    drop table if exists audit_log cascade 
2025-10-17T10:43:36.312+02:00 DEBUG 50718 --- [           main] org.hibernate.SQL                        : 
    drop table if exists boulanger cascade 
Hibernate: 
    drop table if exists boulanger cascade 
2025-10-17T10:43:36.313+02:00 DEBUG 50718 --- [           main] org.hibernate.SQL                        : 
    drop table if exists compte cascade 
Hibernate: 
    drop table if exists compte cascade 
2025-10-17T10:43:36.314+02:00 DEBUG 50718 --- [           main] org.hibernate.SQL                        : 
    drop table if exists preference cascade 
Hibernate: 
    drop table if exists preference cascade 
2025-10-17T10:43:36.314+02:00 DEBUG 50718 --- [           main] org.hibernate.SQL                        : 
    drop table if exists signup_session cascade 
Hibernate: 
    drop table if exists signup_session cascade 
2025-10-17T10:43:36.315+02:00 DEBUG 50718 --- [           main] org.hibernate.SQL                        : 
    drop table if exists stripe_account cascade 
Hibernate: 
    drop table if exists stripe_account cascade 
2025-10-17T10:43:36.316+02:00  INFO 50718 --- [           main] com.zaxxer.hikari.HikariDataSource       : HikariPool-3 - Shutdown initiated...
2025-10-17T10:43:36.316+02:00  INFO 50718 --- [           main] com.zaxxer.hikari.HikariDataSource       : HikariPool-3 - Shutdown completed.
]]></system-out>
  </testcase>
  <testcase name="shouldIncrementAttemptsAndPersist" classname="Integration - ActivationSmsRepository" time="0.028">
    <system-out><![CDATA[
  .   ____          _            __ _ _
 /\\ / ___'_ __ _ _(_)_ __  __ _ \ \ \ \
( ( )\___ | '_ | '_| | '_ \/ _` | \ \ \ \
 \\/  ___)| |_)| | | | | || (_| |  ) ) ) )
  '  |____| .__|_| |_|_| |_\__, | / / / /
 =========|_|==============|___/=/_/_/_/

 :: Spring Boot ::                (v3.5.6)

2025-10-17T10:43:36.341+02:00  INFO 50718 --- [           main] c.q.i.sms.ActivationSmsRepositoryTest    : Starting ActivationSmsRepositoryTest using Java 21.0.8 with PID 50718 (started by medinaoukaci in /Users/medinaoukaci/development/quickpass/quickpass-backend)
2025-10-17T10:43:36.341+02:00 DEBUG 50718 --- [           main] c.q.i.sms.ActivationSmsRepositoryTest    : Running with Spring Boot v3.5.6, Spring v6.2.11
2025-10-17T10:43:36.341+02:00  INFO 50718 --- [           main] c.q.i.sms.ActivationSmsRepositoryTest    : The following 1 profile is active: "test"
2025-10-17T10:43:36.595+02:00  INFO 50718 --- [           main] .s.d.r.c.RepositoryConfigurationDelegate : Bootstrapping Spring Data JPA repositories in DEFAULT mode.
2025-10-17T10:43:36.622+02:00  INFO 50718 --- [           main] .s.d.r.c.RepositoryConfigurationDelegate : Finished Spring Data repository scanning in 24 ms. Found 6 JPA repository interfaces.
2025-10-17T10:43:36.715+02:00  INFO 50718 --- [           main] o.hibernate.jpa.internal.util.LogHelper  : HHH000204: Processing PersistenceUnitInfo [name: default]
2025-10-17T10:43:36.716+02:00  INFO 50718 --- [           main] o.h.c.internal.RegionFactoryInitiator    : HHH000026: Second-level cache disabled
2025-10-17T10:43:36.724+02:00  INFO 50718 --- [           main] o.s.o.j.p.SpringPersistenceUnitInfo      : No LoadTimeWeaver setup: ignoring JPA class transformer
2025-10-17T10:43:36.725+02:00  INFO 50718 --- [           main] com.zaxxer.hikari.HikariDataSource       : HikariPool-4 - Starting...
2025-10-17T10:43:36.726+02:00  INFO 50718 --- [           main] com.zaxxer.hikari.pool.HikariPool        : HikariPool-4 - Added connection conn20: url=jdbc:h2:mem:quickpass_testdb user=SA
2025-10-17T10:43:36.726+02:00  INFO 50718 --- [           main] com.zaxxer.hikari.HikariDataSource       : HikariPool-4 - Start completed.
2025-10-17T10:43:36.727+02:00  WARN 50718 --- [           main] org.hibernate.orm.deprecation            : HHH90000025: H2Dialect does not need to be specified explicitly using 'hibernate.dialect' (remove the property setting and it will be selected by default)
2025-10-17T10:43:36.727+02:00  INFO 50718 --- [           main] org.hibernate.orm.connections.pooling    : HHH10001005: Database info:
	Database JDBC URL [Connecting through datasource 'HikariDataSource (HikariPool-4)']
	Database driver: undefined/unknown
	Database version: 2.3.232
	Autocommit mode: undefined/unknown
	Isolation level: undefined/unknown
	Minimum pool size: undefined/unknown
	Maximum pool size: undefined/unknown
2025-10-17T10:43:36.771+02:00 DEBUG 50718 --- [           main] org.hibernate.SQL                        : 
    create global temporary table HT_compte(id bigint not null, primary key (id)) TRANSACTIONAL
Hibernate: 
    create global temporary table HT_compte(id bigint not null, primary key (id)) TRANSACTIONAL
2025-10-17T10:43:36.772+02:00 DEBUG 50718 --- [           main] org.hibernate.SQL                        : 
    create global temporary table HTE_compte(HTE_IDENTITY bigint generated 
by
    default as identity, date_creation timestamp(6), date_maj timestamp(6), id bigint, siret varchar(14), telephone_e164 varchar(20), email varchar(150), mot_de_passe_hash varchar(255), raison_sociale varchar(255), telephone_commerce varchar(255), etat enum ('ACTIF', 'DESACTIVE', 'EN_ATTENTE', 'VERROUILLE'), mode_vente enum ('EN_LIGNE', 'LES_DEUX', 'SUR_PLACE'), statut_configuration_paiement enum ('ACTIF', 'EN_ATTENTE', 'NON_CONFIGURE'), primary key (HTE_IDENTITY)) TRANSACTIONAL
Hibernate: 
    create global temporary table HTE_compte(HTE_IDENTITY bigint generated 
by
    default as identity, date_creation timestamp(6), date_maj timestamp(6), id bigint, siret varchar(14), telephone_e164 varchar(20), email varchar(150), mot_de_passe_hash varchar(255), raison_sociale varchar(255), telephone_commerce varchar(255), etat enum ('ACTIF', 'DESACTIVE', 'EN_ATTENTE', 'VERROUILLE'), mode_vente enum ('EN_LIGNE', 'LES_DEUX', 'SUR_PLACE'), statut_configuration_paiement enum ('ACTIF', 'EN_ATTENTE', 'NON_CONFIGURE'), primary key (HTE_IDENTITY)) TRANSACTIONAL
2025-10-17T10:43:36.773+02:00 DEBUG 50718 --- [           main] org.hibernate.SQL                        : 
    create global temporary table HTE_boulanger(HTE_IDENTITY bigint generated 
by
    default as identity, date_creation timestamp(6), date_maj timestamp(6), id bigint, siret varchar(14), telephone_e164 varchar(20), email varchar(150), mot_de_passe_hash varchar(255), raison_sociale varchar(255), telephone_commerce varchar(255), etat enum ('ACTIF', 'DESACTIVE', 'EN_ATTENTE', 'VERROUILLE'), mode_vente enum ('EN_LIGNE', 'LES_DEUX', 'SUR_PLACE'), statut_configuration_paiement enum ('ACTIF', 'EN_ATTENTE', 'NON_CONFIGURE'), primary key (HTE_IDENTITY)) TRANSACTIONAL
Hibernate: 
    create global temporary table HTE_boulanger(HTE_IDENTITY bigint generated 
by
    default as identity, date_creation timestamp(6), date_maj timestamp(6), id bigint, siret varchar(14), telephone_e164 varchar(20), email varchar(150), mot_de_passe_hash varchar(255), raison_sociale varchar(255), telephone_commerce varchar(255), etat enum ('ACTIF', 'DESACTIVE', 'EN_ATTENTE', 'VERROUILLE'), mode_vente enum ('EN_LIGNE', 'LES_DEUX', 'SUR_PLACE'), statut_configuration_paiement enum ('ACTIF', 'EN_ATTENTE', 'NON_CONFIGURE'), primary key (HTE_IDENTITY)) TRANSACTIONAL
2025-10-17T10:43:36.782+02:00  INFO 50718 --- [           main] o.h.e.t.j.p.i.JtaPlatformInitiator       : HHH000489: No JTA platform available (set 'hibernate.transaction.jta.platform' to enable JTA platform integration)
2025-10-17T10:43:36.782+02:00 DEBUG 50718 --- [           main] org.hibernate.SQL                        : 
    drop table if exists activation_sms cascade 
Hibernate: 
    drop table if exists activation_sms cascade 
2025-10-17T10:43:36.782+02:00 DEBUG 50718 --- [           main] org.hibernate.SQL                        : 
    drop table if exists audit_log cascade 
Hibernate: 
    drop table if exists audit_log cascade 
2025-10-17T10:43:36.783+02:00 DEBUG 50718 --- [           main] org.hibernate.SQL                        : 
    drop table if exists boulanger cascade 
Hibernate: 
    drop table if exists boulanger cascade 
2025-10-17T10:43:36.783+02:00 DEBUG 50718 --- [           main] org.hibernate.SQL                        : 
    drop table if exists compte cascade 
Hibernate: 
    drop table if exists compte cascade 
2025-10-17T10:43:36.783+02:00 DEBUG 50718 --- [           main] org.hibernate.SQL                        : 
    drop table if exists preference cascade 
Hibernate: 
    drop table if exists preference cascade 
2025-10-17T10:43:36.783+02:00 DEBUG 50718 --- [           main] org.hibernate.SQL                        : 
    drop table if exists signup_session cascade 
Hibernate: 
    drop table if exists signup_session cascade 
2025-10-17T10:43:36.783+02:00 DEBUG 50718 --- [           main] org.hibernate.SQL                        : 
    drop table if exists stripe_account cascade 
Hibernate: 
    drop table if exists stripe_account cascade 
2025-10-17T10:43:36.784+02:00 DEBUG 50718 --- [           main] org.hibernate.SQL                        : 
    create table activation_sms (
        attempts integer not null,
        max_attempts integer not null,
        compte_id bigint not null,
        created_at timestamp(6) not null,
        expires_at timestamp(6) not null,
        id bigint generated by default as identity,
        code_hash varchar(255) not null,
        status enum ('EN_ATTENTE','EXPIRE','VERIFIE') not null,
        primary key (id)
    )
Hibernate: 
    create table activation_sms (
        attempts integer not null,
        max_attempts integer not null,
        compte_id bigint not null,
        created_at timestamp(6) not null,
        expires_at timestamp(6) not null,
        id bigint generated by default as identity,
        code_hash varchar(255) not null,
        status enum ('EN_ATTENTE','EXPIRE','VERIFIE') not null,
        primary key (id)
    )
2025-10-17T10:43:36.785+02:00 DEBUG 50718 --- [           main] org.hibernate.SQL                        : 
    create table audit_log (
        compte_id bigint not null,
        id bigint generated by default as identity,
        timestamp timestamp(6) not null,
        detail varchar(500),
        action enum ('SMS_SEND','SMS_VERIFY','STRIPE_CONNECT','STRIPE_ERROR') not null,
        status enum ('FAILURE','SUCCESS') not null,
        primary key (id)
    )
Hibernate: 
    create table audit_log (
        compte_id bigint not null,
        id bigint generated by default as identity,
        timestamp timestamp(6) not null,
        detail varchar(500),
        action enum ('SMS_SEND','SMS_VERIFY','STRIPE_CONNECT','STRIPE_ERROR') not null,
        status enum ('FAILURE','SUCCESS') not null,
        primary key (id)
    )
2025-10-17T10:43:36.786+02:00 DEBUG 50718 --- [           main] org.hibernate.SQL                        : 
    create table boulanger (
        id bigint not null,
        siret varchar(14) not null unique,
        raison_sociale varchar(255) not null,
        telephone_commerce varchar(255),
        mode_vente enum ('EN_LIGNE','LES_DEUX','SUR_PLACE') not null,
        statut_configuration_paiement enum ('ACTIF','EN_ATTENTE','NON_CONFIGURE') not null,
        primary key (id)
    )
Hibernate: 
    create table boulanger (
        id bigint not null,
        siret varchar(14) not null unique,
        raison_sociale varchar(255) not null,
        telephone_commerce varchar(255),
        mode_vente enum ('EN_LIGNE','LES_DEUX','SUR_PLACE') not null,
        statut_configuration_paiement enum ('ACTIF','EN_ATTENTE','NON_CONFIGURE') not null,
        primary key (id)
    )
2025-10-17T10:43:36.787+02:00 DEBUG 50718 --- [           main] org.hibernate.SQL                        : 
    create table compte (
        date_creation timestamp(6) not null,
        date_maj timestamp(6) not null,
        id bigint generated by default as identity,
        telephone_e164 varchar(20) unique,
        email varchar(150) not null unique,
        mot_de_passe_hash varchar(255) not null,
        etat enum ('ACTIF','DESACTIVE','EN_ATTENTE','VERROUILLE') not null,
        primary key (id)
    )
Hibernate: 
    create table compte (
        date_creation timestamp(6) not null,
        date_maj timestamp(6) not null,
        id bigint generated by default as identity,
        telephone_e164 varchar(20) unique,
        email varchar(150) not null unique,
        mot_de_passe_hash varchar(255) not null,
        etat enum ('ACTIF','DESACTIVE','EN_ATTENTE','VERROUILLE') not null,
        primary key (id)
    )
2025-10-17T10:43:36.788+02:00 DEBUG 50718 --- [           main] org.hibernate.SQL                        : 
    create table preference (
        accepte_cgu boolean not null,
        accepte_rgpd boolean not null,
        accepte_stripe boolean not null,
        email boolean not null,
        sms boolean not null,
        compte_id bigint not null unique,
        date_acceptation timestamp(6),
        id bigint generated by default as identity,
        primary key (id)
    )
Hibernate: 
    create table preference (
        accepte_cgu boolean not null,
        accepte_rgpd boolean not null,
        accepte_stripe boolean not null,
        email boolean not null,
        sms boolean not null,
        compte_id bigint not null unique,
        date_acceptation timestamp(6),
        id bigint generated by default as identity,
        primary key (id)
    )
2025-10-17T10:43:36.789+02:00 DEBUG 50718 --- [           main] org.hibernate.SQL                        : 
    create table signup_session (
        completed boolean not null,
        compte_id bigint,
        created_at timestamp(6) not null,
        expires_at timestamp(6) not null,
        id bigint generated by default as identity,
        updated_at timestamp(6) not null,
        email varchar(255) not null,
        current_step enum ('ADRESSE_MODE_VENTE','CONSENTS','EMAIL','EMAIL_CODE','PASSWORD','PROFILE','SMS_CODE','STRIPE') not null,
        signup_type enum ('BOULANGER','CLIENT','EMPLOYE') not null,
        primary key (id)
    )
Hibernate: 
    create table signup_session (
        completed boolean not null,
        compte_id bigint,
        created_at timestamp(6) not null,
        expires_at timestamp(6) not null,
        id bigint generated by default as identity,
        updated_at timestamp(6) not null,
        email varchar(255) not null,
        current_step enum ('ADRESSE_MODE_VENTE','CONSENTS','EMAIL','EMAIL_CODE','PASSWORD','PROFILE','SMS_CODE','STRIPE') not null,
        signup_type enum ('BOULANGER','CLIENT','EMPLOYE') not null,
        primary key (id)
    )
2025-10-17T10:43:36.790+02:00 DEBUG 50718 --- [           main] org.hibernate.SQL                        : 
    create table stripe_account (
        compte_id bigint not null unique,
        id bigint generated by default as identity,
        stripe_account_id varchar(120) not null unique,
        status enum ('ACTIF','EN_ATTENTE','ERREUR','NON_CONFIGURE') not null,
        primary key (id)
    )
Hibernate: 
    create table stripe_account (
        compte_id bigint not null unique,
        id bigint generated by default as identity,
        stripe_account_id varchar(120) not null unique,
        status enum ('ACTIF','EN_ATTENTE','ERREUR','NON_CONFIGURE') not null,
        primary key (id)
    )
2025-10-17T10:43:36.791+02:00 DEBUG 50718 --- [           main] org.hibernate.SQL                        : 
    alter table if exists boulanger 
       add constraint FKcjnakmn53lauuh7xwphy8x67y 
       foreign key (id) 
       references compte
Hibernate: 
    alter table if exists boulanger 
       add constraint FKcjnakmn53lauuh7xwphy8x67y 
       foreign key (id) 
       references compte
2025-10-17T10:43:36.792+02:00 DEBUG 50718 --- [           main] org.hibernate.SQL                        : 
    alter table if exists preference 
       add constraint FK2ao0vtv7rwgyyj9kdcxd3a6ag 
       foreign key (compte_id) 
       references compte
Hibernate: 
    alter table if exists preference 
       add constraint FK2ao0vtv7rwgyyj9kdcxd3a6ag 
       foreign key (compte_id) 
       references compte
2025-10-17T10:43:36.793+02:00  INFO 50718 --- [           main] j.LocalContainerEntityManagerFactoryBean : Initialized JPA EntityManagerFactory for persistence unit 'default'
2025-10-17T10:43:37.010+02:00  INFO 50718 --- [           main] o.s.b.a.e.web.EndpointLinksResolver      : Exposing 1 endpoint beneath base path '/actuator'
2025-10-17T10:43:37.023+02:00  WARN 50718 --- [           main] .s.s.UserDetailsServiceAutoConfiguration : 

Using generated security password: ba7440ff-27bf-499d-a310-3b45013836c2

This generated password is for development use only. Your security configuration must be updated before running your application in production.

2025-10-17T10:43:37.024+02:00  INFO 50718 --- [           main] r$InitializeUserDetailsManagerConfigurer : Global AuthenticationManager configured with UserDetailsService bean with name inMemoryUserDetailsManager
2025-10-17T10:43:37.163+02:00  INFO 50718 --- [           main] c.q.i.sms.ActivationSmsRepositoryTest    : Started ActivationSmsRepositoryTest in 0.843 seconds (process running for 15.529)
2025-10-17T10:43:37.171+02:00 DEBUG 50718 --- [           main] org.hibernate.SQL                        : 
    /* insert for
        com.quickpass.sms.domain.model.ActivationSms */insert 
    into
        activation_sms (attempts, code_hash, compte_id, created_at, expires_at, max_attempts, status, id) 
    values
        (?, ?, ?, ?, ?, ?, ?, default)
Hibernate: 
    /* insert for
        com.quickpass.sms.domain.model.ActivationSms */insert 
    into
        activation_sms (attempts, code_hash, compte_id, created_at, expires_at, max_attempts, status, id) 
    values
        (?, ?, ?, ?, ?, ?, ?, default)
2025-10-17T10:43:37.178+02:00 DEBUG 50718 --- [           main] org.hibernate.SQL                        : 
    /* update
        for com.quickpass.sms.domain.model.ActivationSms */update activation_sms 
    set
        attempts=?,
        code_hash=?,
        compte_id=?,
        expires_at=?,
        max_attempts=?,
        status=? 
    where
        id=?
Hibernate: 
    /* update
        for com.quickpass.sms.domain.model.ActivationSms */update activation_sms 
    set
        attempts=?,
        code_hash=?,
        compte_id=?,
        expires_at=?,
        max_attempts=?,
        status=? 
    where
        id=?
2025-10-17T10:43:37.180+02:00 DEBUG 50718 --- [           main] org.hibernate.SQL                        : 
    /* <criteria> */ select
        as1_0.id,
        as1_0.attempts,
        as1_0.code_hash,
        as1_0.compte_id,
        as1_0.created_at,
        as1_0.expires_at,
        as1_0.max_attempts,
        as1_0.status 
    from
        activation_sms as1_0 
    where
        as1_0.compte_id=? 
        and as1_0.status=?
Hibernate: 
    /* <criteria> */ select
        as1_0.id,
        as1_0.attempts,
        as1_0.code_hash,
        as1_0.compte_id,
        as1_0.created_at,
        as1_0.expires_at,
        as1_0.max_attempts,
        as1_0.status 
    from
        activation_sms as1_0 
    where
        as1_0.compte_id=? 
        and as1_0.status=?
2025-10-17T10:43:37.187+02:00  INFO 50718 --- [           main] j.LocalContainerEntityManagerFactoryBean : Closing JPA EntityManagerFactory for persistence unit 'default'
2025-10-17T10:43:37.187+02:00 DEBUG 50718 --- [           main] org.hibernate.SQL                        : 
    drop table if exists activation_sms cascade 
Hibernate: 
    drop table if exists activation_sms cascade 
2025-10-17T10:43:37.188+02:00 DEBUG 50718 --- [           main] org.hibernate.SQL                        : 
    drop table if exists audit_log cascade 
Hibernate: 
    drop table if exists audit_log cascade 
2025-10-17T10:43:37.188+02:00 DEBUG 50718 --- [           main] org.hibernate.SQL                        : 
    drop table if exists boulanger cascade 
Hibernate: 
    drop table if exists boulanger cascade 
2025-10-17T10:43:37.189+02:00 DEBUG 50718 --- [           main] org.hibernate.SQL                        : 
    drop table if exists compte cascade 
Hibernate: 
    drop table if exists compte cascade 
2025-10-17T10:43:37.190+02:00 DEBUG 50718 --- [           main] org.hibernate.SQL                        : 
    drop table if exists preference cascade 
Hibernate: 
    drop table if exists preference cascade 
2025-10-17T10:43:37.190+02:00 DEBUG 50718 --- [           main] org.hibernate.SQL                        : 
    drop table if exists signup_session cascade 
Hibernate: 
    drop table if exists signup_session cascade 
2025-10-17T10:43:37.190+02:00 DEBUG 50718 --- [           main] org.hibernate.SQL                        : 
    drop table if exists stripe_account cascade 
Hibernate: 
    drop table if exists stripe_account cascade 
2025-10-17T10:43:37.191+02:00  INFO 50718 --- [           main] com.zaxxer.hikari.HikariDataSource       : HikariPool-4 - Shutdown initiated...
2025-10-17T10:43:37.192+02:00  INFO 50718 --- [           main] com.zaxxer.hikari.HikariDataSource       : HikariPool-4 - Shutdown completed.
]]></system-out>
  </testcase>
</testsuite>